Also, armed men from opening demonstrate for the first time in the Palestinian north of Lebanon. 
AlbdAwy (Lebanon) 1 - 1 (AFP) - tZAhr more than three thousand Palestinians in the AlbdAwy for Palestinian refugees in Lebanon on the anniversary of the Fatah movement including armed 39 On the first time in this area from Lebanon since more than twenty years. 
An Agence France Presse correspondent reported that the demonstrators HmlwA OElAmA wlbnAnyp wSwrA Palestinian and the Palestinian President, Yasser Arafat, 
The the camp in the area controlled by the Syrian forces 
In the demonstration of scores of men of the Al-Aqsa Martyrs Battalions affiliated to the Fateh movement are carrying pictures of the PLO in the West Bank who in Israeli prisons, and Marwan perish. 
One of the dead Fatah Movement students to remain anonymous, that the aim of the arms ZhwrnA AltVkyr that is not ttxl never opening of the option of 
He added that the wHdtnA inside Fatah and all other Palestinian factions necessary lIfcAl projects for the Israeli occupation forces to liberate Palestine led by President Arafat's 
The Nabil Al-Said the Popular Front for Liberation of Palestine delivered a speech before the AlHcd AlmtjmE before the headquarters of the Fatah Movement and stressed the importance of dialogue between the Palestinian internal specify joint AlqwAsm factions and 
disclose car, said on its way to Washington for security reasons. 
London 1 - 1 (AFP) - A spokesman for the British Airways said disclose ( ) told Agence France Presse that the company Algt today, Thursday, one of the three trips. daily between London and Washington for security reasons routinely bOmr from the British government 
He said that he was carrying trip 223 to 180 rAkbA Olgyt bOmr for the security of the government in this respect. 
In the cancellation of the Ministry of Transport 
A spokesman for the ministry said that made the decision to disclose suspending flight today on Thursday and after the opinion of the government in this respect. 
The spokesman explained that the cancellation of called before about three or four hours of the plane's departure from the hvyrw Allndny at 05,15 tg Airport heading to dlAs in Washington. 
According to the cancellation of this trip that flight 103 after the same condition was over. yesterday Wednesday by the American authorities responsible for security in the Airport dlAs 
The British said that the American authorities responsible for the security OSrt AstjwAb all passengers adding that "the passengers led to the situation, condition was over. Alnzwl from the American authorities 
The spokesman said that the company to disclose its natural ststOnf tomorrow, Friday, But the final decision would not take before this morning on Friday. 
Port in close nfTy AlAlskA for security reasons. 
Washington 2 - 1 (AFP) - American to xfr coasts. last Tuesday closing the port of fAldyz oil on the coast of great South lmnTqp AlAlskA for security in the framework of security measures mEzzp as A source in xfr coasts. yesterday, Thursday. 
The spokesman for the coasts. xfr jyf Without told Agence France Presse OmrnA fAldyz to stop the port of its mwqtA for security reasons. 
He added that this comes within the framework of the level of AlInVAr AlbrtqAly 
The press information which came in the port's administration will provide was in the oil pipeline through AlAlskA shut on Tuesday evening that he was still place yesterday, Thursday. 
He pointed out that it will resume activity in the port's administration will provide Stranger) it." 
wynql AlOnbwb which amounts to which has 1280 km 17 percent of the oil in the United States of oil in the fields of any brwdwy 
It is noted that the port of fAldyz is one of the most important AlmrAfYC oil in the United States. 
The American authorities announced that these AlmrAfYC may be submitted a terrorists in 21 December / December AlInVAr appeared to the level of terrorist emotions, which is the highest level of "the danger progressive due to such attacks during the period of the approach of the streets of Christmas 
Iranian radio to lift 11 persons in with the revival of the debris." 
with Iran and (from 1 - 1 (AFP) - The Iranian radio public today, Thursday, that 11 people AntclwA the revival of the debris." Wednesday, after five days Almdmr earthquake, which struck with south east of the capital). 
The rescue teams were lost all hope to revive the bAlEvwr 
The Iranian media on Wednesday that five people in the AntclwA 
But on the foreign enchanted AlmsEfwn mrArthm towards Ejzhm in aid in this regard. 
The foreign organizations llmsAEdAt emergency to leave the area. 
The lift two thousand people demonstrated in most of the debris." only in the first days llzlzAl which struck the with Friday. 
On the Roadmap and 30 thousand bodies to date. 
Iranian President Mohamed Khatami said that the earthquake, may be that caused the death of 40 thousand workers. 
He was also to the death of 50 thousand 
In the center of this was the first trial AlArbEACEqd qrAn in confrontation with since the disaster. on the radio reported 
The this marriage was on the quake 
Advisor to Mubarak will start his talks with Arafat 
Ramallah (West Bank) 1 - 1 (AFP) - An Agence France Presse correspondent reported that the Egyptian political advisor Osama Al-Baz tackled arrived today, Thursday, in Ramallah where started his talks with the President of the Palestinian Authority President Yasser Arafat. 
In the talks The Jibril Alrjwb by the Minister of Interior negotiations Saeb Arekat and Minster of 
The Baz to statements as to boycott the 
The visit after ten days of the visit paid by Egyptian Foreign Minister Ahmed Maher to Israel. 
The Baz was during the visit to Ramallah and / in August last August the idea of a ceasefire between the Palestinians and Israel. But mHAdtAt between the Palestinian groups sponsored on this matter did not as a result of the 
It is expected that the Egyptian efforts, ttwASl next week with mntZrp visit paid by the Head of the General Intelligence in Egypt Major General Omar Suleiman, to Ramallah in the sixth of this month. 
The Maher announced in 22 last month after meeting with Prime Minister Ariel Sharon Israel that the latter mltzm to avoid any of that yqwD efforts to reach a possible attacks against Israel. 
The victim Maher ended, during his visit to the Al-Aqsa Mosque, which caused bOHrAj which revealed the Palestinian Authority to submit to the most important apology. HlfAQhA in the region. 
Moroccan monarch denounced the hopes of a peace in 2004. 
Rabat 1 - 1 (AFP) - the Moroccan monarch King Mohamed VI expressed hope that carries the year 2004 with a peace in the letter sent to the new thAn dropped by heads of states and governments in the world. 
He said the Moroccan monarch In that news agency reported on the Moroccan official Mml 2004 had informed that peace in all areas which suffer from the conflicts England, 
