Also, armed men of Fatah demonstrate the first time in the Palestinian North Lebanon, 
AlbdAwy (Lebanon) 1 - 1 (AFP) - tZAhr more than three thousand Palestinians killed in the AlbdAwy for Palestinian refugees in North Lebanon, anniversary 39 On months." knockout Fatah Movement including armed for the first time in this area from Lebanon since more than twenty years 
Muawya correspondent France Press that the demonstrators HmlwA OElAmA Palestinian wlbnAnyp Syria wSwrA Palestinian President, Yasser Arafat, 
is located the camp in the area controlled by Syrian forces attended. 
In the demonstration, tens of Al-Sadr’s militia men Al-Aqsa Martyrs Battalions affiliated the Fateh claimants are burdened Tyre PLO the movement in the West Bank who are in Israeli prisons, and Marwan perish. 
One of the detention Fatah Movement students to remain anonymous, explained, "The said the aim of the ZhwrnA arms is AltVkyr destinations Fatah did not ttxl suppress, about the choice of it." 
He added that wHdtnA inside Fatah With all Palestinian Factions other lIfcAl Projects necessary occupation forces and liberating Palestine led by Israeli President Arafat's 
français Nabil Al-Said official in Popular Front for the Liberation of Palestine delivered before AlHcd AlmtjmE before the Fatah Movement premises stressing the importance of dialogue internal dispatching Hilweh, specify joint AlqwAsm between different factions countries." 
car, said disclose its flight to Washington for security reasons. 
London 1 - 1 (AFP) - A spokesman company British Airways (the said disclose ) told Agence France Presse that the company Algt today, Thursday, one daily flights, Russia-Ukraine) between London and Washington for security reasons routinely bOmr from the government deals. 
He said that trip 223 Al-Helwa on carrying 180 rAkbA Olgyt "the for security reasons routinely bOmr from the government sources on this matter." 
Ministry confirmed the cancellation of the transport 
A spokesman for the ministry that "the disclose decision said it made suspending flight today (the Thursday, old) after an opinion in this respect. from the government." 
He explained spokes person said that the decision the cancellation of 608 before around three or four hours "From plane's departure from hvyrw Allndny Airport at 05,15 tg heading to airport, dlAs in Washington. 
Included abolish this trip after being cracks trip itself passengers yesterday Wednesday condition was over. from before the American authorities charged with security in airport, dlAs attended. 
The British said that the American authorities charged with security OSrt on AstjwAb all Building lawyer", adding that Building led to Alnzwl from plane's situation, condition was over. authorities American 
Spokesman for the said that their company provides disclose ststOnf natural tomorrow, Friday, But the final decision would not take before Sabah Friday. 
closing nfTy large port in AlAlskA for security reasons. 
Washington 2- 1 (AFP) - xfr coasts. quiet American last Tuesday closing fAldyz indirectly, port oil on the coast Lee lmnTqp AlAlskA for security reasons routinely in the framework of security measures mEzzp as source announced in xfr coasts. yesterday, Thursday. 
spokesperson xfr coasts. jyf Without told France Press, OmrnA Port fAldyz "incursions" (FGF) mwqtA for security reasons routinely countries." 
He added, "The this matter, comes within the framework of the level of AlInVAr AlbrtqAly countries." 
He confirmed information "Al-Hurriya" which came therein, that port's administration will provide who serves suspect oil pipeline via AlAlskA shut on Tuesday evening and it was still place yesterday, Thursday. 
He explained spokes person said that activity, in the port's administration will provide will resume Stranger) countries." 
wynql AlOnbwb which amounts to which has 1280 km 17 percent of the oil in the United States from fields oil in brwdwy any time. 
It is noted that the port of fAldyz is one of the most important AlmrAfYC oil in the United States. 
The American authorities announced that these AlmrAfYC may be terrorists attacks". goals. in 21 December / December level of AlInVAr terrorist to emotions, appeared "has highest level of "the danger such distribution. progressive used" during the period of Christmas streets approach of the year. 
Iranian radio indicates the lift 11 persons neighborhoods from debris." in with 
with (the Iran ) 1 - 1 (AFP) - The Iranian radio General today, Thursday, that 11 persons AntclwA neighborhoods from among the debris." Wednesday five days after on earthquake, Almdmr reran with (the southeast capital). 
The rescue teams were lost all hopeful bAlEvwr on the neighborhoods of 
Official media of Iranian Wednesday that five people AntclwA neighborhoods attended. 
But on the ground. enchanted AlmsEfwn foreigners mrArthm employers Ejzhm in helping in this regard. 
organizations llmsAEdAt began foreign emergent to leave the area. 
The two thousand people demonstrated revival was found. from among the debris." only majority the first days llzlzAl reran region with Friday. 
furnished in return, Roadmap 30 thousand bodies to date. 
He said the Iranian President Muhammad Khatami, that earthquake, may be that caused the death of 40 thousand workers. 
furnished to speak also uncovered the 50 thousand Drowned attended. 
In amid this trial he approached AlArbEACEqd FIRST qrAn in with since practiced disaster, on what radio reported attended. 
Earlier, this marriage scheduled, (April quake attended. 
Mubarak Starts consultant his talks with Arafat 
Ramallah (West Bank) 1 - 1 (AFP) - An Agence France Presse correspondent reported that political advisor Osama Al-Baz tackled Egyptian arrived today, Thursday, in Ramallah where started his talks with President Yasir Arafat of the Palestinian Authority. 
60,000 in talks Counsellor security Tarrad Jibril Alrjwb Authority, Minister assigned affairs, negotiations Saeb Arekat and Interior Minster of 
Al-Baz tackled statements reject no once arrival county attended. 
thus, his visit 10 days after from visiting paid by Egyptian Foreign Minister Ahmed Maher to Israel. 
Al-Baz tackled during earlier. guardian visit to Ramallah and Israel in August / last August armistice, new idea between the Palestinians and Israel. But mHAdtAt between Palestinian Factions sponsored about this matter, did not resulting in the result of time. 
It is expected that Egyptian ttwASl efforts, next week with visit mntZrp do. Body chief Intelligence in Egypt General Omar Sulayman to Ramallah in the 6th instant. 
Earlier, Maher announced in 22 last month following his meeting Prime Israel Ariel Sharon that the latter mltzm Avoid any WORKING of that yqwD efforts reaching a ceasefire possible attacks against Israel. 
The Maher dimension, cracks ended, during his visit Al-Aqsa Mosque liras. cause bOHrAj Palestinian Authority, which revealed to offering apology. exports' the most HlfAQhA in the region. 
Moroccan monarch union "an victory peace 2004 
Rabat 1 - 1 (AFP) - the Moroccan monarch King Mohamed VI expressed hope that carries the year 2004. with victory peace sentiment in a letter thAn dropped Jedid was sent by to heads of states and governments in the world. 
He said the Moroccan monarch In News Agency, which reported on Morocco. Official Mml that 2004 had informed peace in all areas which suffer from conflicts England, countries." 
