opening of armed demonstrate for the first time in the Palestinian North Lebanon, 
AlbdAwy (Lebanon) 1 - 1 (AFP) - tZAhr more than three thousand Palestinians in the AlbdAwy for Palestinian refugees in Lebanon on the anniversary of the 39 On armed including Fatah Movement for the first time in this part of Lebanon since more than twenty years. 
Agence France Presse correspondent reported that the demonstrators HmlwA OElAmA Palestinian Syria wlbnAnyp wSwrA Palestinian President Yasser Arafat. 
the camp is located in the area controlled by the Syrian forces 
In the tens of the demonstration of armed Al-Aqsa Martyrs Battalions affiliated to the Fateh they carrying pictures of the PLO in the West Bank who in Israeli prisons, Marwan of perish. 
One of the dead Fatah Movement students to remain anonymous, that the aim of the arms ZhwrnA is not opening that AltVkyr never ttxl the choice of the 
He added that the wHdtnA inside Fatah and all other Palestinian factions necessary projects lIfcAl Palestine and the Israeli occupation forces led by President Arafat's 
The Nabil Al-Said in official Popular Front for the Liberation of Palestine delivered a speech before the AlHcd AlmtjmE before the Fatah Movement premises stressing the importance of dialogue between the joint AlqwAsm specify the internal Palestinian factions and 
disclose said on car, to Washington for security reasons. 
London 1 - 1 (AFP) - A company spokesman (...) British Airways said in disclose told Agence France Presse that the company Algt today, Thursday, one of the three trips. daily between London and Washington for security reasons. from the government bOmr British 
He said that the trip which 223 on carrying 180 rAkbA Olgyt for security of bOmr the government in this respect. 
and the cancellation of the Ministry of confirmed 
He said that the ministry spokesman said disclose suspension decision made trip today Thursday after and opinion of the government in this respect. 
The spokesman explained that the decision took the cancellation of before about three or four hours of the plane's departure from the hvyrw Allndny at 05,15 tg Airport heading to dlAs in Washington. 
The cancellation of the after this trip that passengers trip on Wednesday, the same condition was over. before of the American authorities responsible for security at the dlAs 
The British said that the American authorities responsible for security on OSrt all AstjwAb passengers adding that "the passengers led to Alnzwl of the situation, condition was over. authorities American 
Spokesman for the disclose said that the company provides ststOnf natural but Friday morning before would not take the final decision on Friday. 
Port close in nfTy AlAlskA for security reasons. 
Washington 2 - 1 (AFP) - to coasts. xfr American last Tuesday closing the port fAldyz great oil on the coast South lmnTqp AlAlskA for security reasons. within the framework of security measures and mEzzp in source announced yesterday coasts. xfr Thursday. 
The spokesman for the coasts. xfr jyf Without told Agence France Presse Port OmrnA fAldyz to stop its mwqtA of for security reasons. 
He added that this comes within the framework of the level of the AlbrtqAly AlInVAr 
He emphasized that press information that in which the port's administration will provide in serves the oil pipeline through AlAlskA shut on Tuesday evening and was still place yesterday, Thursday. 
The spokesman explained that the port's administration will provide in activity will resume Stranger) the 
wynql AlOnbwb which amounts to which has km 1280 17 percent of consumption in the oil of the United States in oil fields of any brwdwy 
It is noted that the port fAldyz is one of the most important AlmrAfYC oil in the United States. 
The American authorities announced that these AlmrAfYC may be a terrorists in The 21 December / level of December AlInVAr to terrorist emotions, appeared which is the highest level of "the danger of such progressive during the period of the attacks on the streets Christmas approach of the year. 
Iranian radio to lift 11 persons of the neighborhoods in the debris." with 
(...) with Iran and 1 - 1 (AFP) - The Iranian radio public today, Thursday, that 11 people in AntclwA between of Wednesday rubble, five days after the earthquake, which Almdmr attacking with south east of the 
The rescue teams all lost hope in the on bAlEvwr 
The Iranian media Wednesday that five people in AntclwA the 
But not to hide its experienced AlmsEfwn foreign towards mrArthm in Ejzhm aid in this regard. 
The foreign organizations llmsAEdAt emergency to leave the area. 
The was found. two thousand people demonstrated in between the of the debris." only majority in the first days which llzlzAl attacking the with Friday. 
On the Roadmap was 30 thousand bodies to date. 
He said that the Iranian President Muhammad Khatami earthquake, may be that caused the death of 40 thousand workers. 
was also to the death of 50 thousand 
In this amid the trial was the first AlArbEACEqd in qrAn since with any disaster, what the radio reported the 
The this marriage was on the quake 
Mubarak Advisor to start his talks with Arafat 
Ramallah (West Bank) 1 - 1 (AFP) - An Agence France Presse correspondent reported that the Egyptian political advisor Osama Al-Baz tackled arrived today, Thursday, to Ramallah where started his talks with head of the Palestinian Authority Yasir Arafat. 
The talks in The Jibril Alrjwb by the Minister of negotiations Saeb Arekat and the Interior Minster of 
The Baz refused to make any statements as to boycott the 
The visit of ten days after the visit paid by Egyptian Foreign Minister Ahmed Maher to Israel. 
The Baz was during the visit to Ramallah and Israel in August last August / the idea of a ceasefire between the Palestinians and Israel. But between mHAdtAt Palestinian groups sponsored on this matter did not as a result of the the 
It is expected that Egyptian efforts, ttwASl visit next week with mntZrp by head of the Intelligence in Egypt General Omar Sulayman to Ramallah on the sixth of this month. 
The Maher 22 in announced last month after meeting with Prime Minister Ariel Sharon Israel that the latter mltzm to avoid any of that yqwD efforts to reach a possible operations against Israel. 
The that Maher ended, during his visit to Al-Aqsa Mosque which cause bOHrAj revealed that the Palestinian Authority to offering to apology. the most HlfAQhA in the region. 
Moroccan monarch denounced the hopes of a peace in 2004. 
Rabat 1 - 1 (AFP) - the Moroccan monarch King Mohamed VI the hope that carries the year 2004. with a peace in a letter dropped thAn new sent to the heads of states and governments in the world. 
He said the Moroccan monarch in which In News Agency reported on the Moroccan official that Mml 2004 had informed all peace in the which suffer from the England, conflicts 
