shard_size = 0 shard_count = 0
Seeding random numbers with 4000
name: case value: true
Data::m_score_type BLEU
Data::Scorer type from Scorer: BLEU
Loading Data from: run1.scores.dat and run1.features.dat
loading feature data from run1.features.dat
loading score data from run1.scores.dat
Loading Data from: run2.scores.dat and run2.features.dat
loading feature data from run2.features.dat
loading score data from run2.scores.dat
Loading Data from: run3.scores.dat and run3.features.dat
loading feature data from run3.features.dat
loading score data from run3.scores.dat
Loading Data from: run4.scores.dat and run4.features.dat
loading feature data from run4.features.dat
loading score data from run4.scores.dat
Data loaded : [Wall 0.294257 CPU 0.293171] seconds.
Creating a pool of 1 threads
Best point: 0.0543394 -0.0484458 0.0361782 0.0212287 0.000514785 -0.0887425 0.0626631 0.131234 -0.210037 0.047323 0.0619639 0.0765472 0.0123058 0.148476  => 0.175092
Stopping... : [Wall 14.5527 CPU 14.542] seconds.
