armed demonstrate the opening of the first time in the Palestinian north of Lebanon. 
AlbdAwy 1 - 1 (Lebanon) (AFP) - tZAhr more than three thousand Palestinians in the AlbdAwy for Palestinian refugees in Lebanon on the anniversary of 39 On armed including Fatah Movement for the first time in the area of Lebanon since more than twenty years. 
An Agence France Presse correspondent reported that the demonstrators HmlwA OElAmA Palestinian wlbnAnyp wSwrA and the Palestinian President, Yasser Arafat. 
is located in the area controlled by the Syrian forces 
In the demonstration of men of the Al-Aqsa Martyrs Battalions affiliated to the Fateh are carrying pictures of the PLO who are in the West Bank Marwan in Israeli prisons, of all perish. 
One of the dead Fatah Movement students to remain anonymous, said that the aim of the arms ZhwrnA is not opening that AltVkyr ttxl who joined the choice of the 
He added that the wHdtnA inside Fatah and all other Palestinian factions necessary lIfcAl projects for the Israeli occupation forces to liberate Palestine led by President Arafat's 
The Nabil Al-Said official in the Popular Front for Liberation of Palestine delivered a speech before the AlHcd AlmtjmE before the headquarters of the Fatah movement and stressed the importance of dialogue between the joint AlqwAsm specify the internal Palestinian factions and 
said disclose cancellation on its way to Washington for security reasons. 
London 1 - 1 (AFP) - A spokesman for the British Airways said ( ) disclose told Agence France Presse that the company Algt today, Thursday, a flights, three daily between London and Washington for security reasons routinely bOmr of government deals. 
He said that he was carrying trip 223 to 180 rAkbA Olgyt for security bOmr from the government in this respect. 
The Ministry of the cancellation of the 
The spokesman said that the decision made disclose suspending flight today on Thursday and after the opinion of the government in this respect. 
The spokesman explained that the decision of the cancellation of called before about three or four hours of the plane's departure from hvyrw Allndny at 05,15 tg Airport heading to dlAs in Washington. 
According to the cancellation of this trip that had been subjected to the same condition was over. flight 103 yesterday Wednesday by the American authorities responsible for security at the dlAs 
The British said that the American authorities responsible for security OSrt on all AstjwAb passengers adding that "the passengers led to Alnzwl of the situation, condition was over. authorities American 
The spokesman said that the company to disclose its ststOnf natural tomorrow, Friday, but the final decision would not take before this morning on Friday. 
close port in nfTy AlAlskA for security reasons. 
Washington 2 - 1 (AFP) - to xfr coasts. American on closing the port fAldyz oil on the coast South lmnTqp AlAlskA for security reasons routinely within the framework of the security measures in the source announced as mEzzp xfr coasts. yesterday, Thursday. 
The spokesman for the coasts. xfr jyf Without told Agence France Presse OmrnA port fAldyz to stop its mwqtA and for security reasons. 
He added that this comes within the framework of the level of AlbrtqAly AlInVAr 
The information in which he said that the port's administration will provide was in the oil pipeline through AlAlskA shut on Tuesday evening that he was still place yesterday, Thursday. 
The spokesman explained that "the will resume activity in the port's administration will provide the soon. 
wynql AlOnbwb which amounts to which has 1280 km 17 percent of the United States in the oil consumption of oil in the fields of any brwdwy 
It is to be mentioned that the port fAldyz is one of the most important AlmrAfYC oil in the United States. 
The American authorities announced that these AlmrAfYC may be a and submitted on 21 December / the level of December to terrorist AlInVAr emotions, appeared which is the highest level of "the danger of such a progressive during the period of the approach of the attacks on the streets of Christmas 
Iranian radio to lift the revival of 11 people with the debris." 
(the with Iran and 1 - 1 (AFP) - The Iranian radio public today, Thursday, that 11 people AntclwA the revival of the debris." Wednesday five days after the earthquake, which Almdmr struck with south east of the 
The rescue teams were lost all hope to revive the bAlEvwr 
The Iranian media on Wednesday that five people in the AntclwA 
But the land enchanted by foreigners AlmsEfwn mrArthm towards Ejzhm in aid in this regard. 
The foreign organizations llmsAEdAt emergency to leave the area. 
The was found. two thousand people demonstrated the revival of the debris." only majority in the first days with the attack which llzlzAl on Friday. 
On the Roadmap and 30 thousand bodies so far. 
Iranian President Mohamed Khatami said that the earthquake, may be that caused the death of 40 thousand workers. 
He was also to the death of 50 thousand 
In this meeting, the trial of the first AlArbEACEqd in qrAn since with any disaster, the radio reported the 
The this marriage was on the quake 
Mubarak Advisor to start his talks with Arafat 
Ramallah (West Bank) 1 - 1 (AFP) - An Agence France Presse correspondent reported that the Egyptian political advisor Osama Al-Baz tackled arrived today, Thursday, in Ramallah where started his talks with the President of the Palestinian Authority President Yasser Arafat. 
In the talks. The Jibril Alrjwb by the Minister of negotiations Saeb Arekat and internal Minster of 
In statements to Baz as to boycott the 
The ten days after the visit of the visit paid by Egyptian Foreign Minister Ahmed Maher to Israel. 
The Baz was during the visit to Ramallah and Israel in August last August / the idea of calling for a new between the Palestinians and Israel, but mHAdtAt between the Palestinian factions under the auspices of the Egyptian on this matter did not as a result of the 
It is expected that the Egyptian efforts, ttwASl mntZrp next week with a visit paid by the Head of the Intelligence in Egypt Major General Omar Suleiman, to Ramallah in the sixth of this month. 
Maher had announced on 22nd last month following his meeting with Prime Minister Ariel Sharon said that the latter mltzm Israel to avoid any of that yqwD efforts to reach a possible attacks against Israel. 
The that Maher ended, during his visit to the Al-Aqsa Mosque, which caused bOHrAj revealed that the Palestinian Authority to submit to the most important apology. HlfAQhA in the region. 
Moroccan monarch denounced the hopes of a peace in 2004. 
Rabat 1 - 1 (AFP) - A Moroccan monarch King Mohamed VI in the hope that carries the year 2004 with a peace in the new dropped thAn message was sent to the heads of states and governments in the world. 
In the Moroccan monarch said that the Moroccan official news agency reported on Mml 2004 had informed that peace in all areas, which suffer from the conflicts England, 
