armed demonstrate the opening of the first time in the Palestinian north of Lebanon. 
AlbdAwy 1 - 1 (Lebanon) (AFP) - tZAhr more than three thousand Palestinians in the AlbdAwy Palestinian refugee camp in the north of Lebanon on the anniversary of the Fatah movement including armed 39 On the first time in the area of Lebanon since more than twenty years. 
An Agence France Presse correspondent reported that the demonstrators HmlwA OElAmA Palestinian wlbnAnyp Syria wSwrA Palestinian President Yasser Arafat. 
is located in the area controlled by the Syrian forces 
In the demonstration of men of the Al-Aqsa Martyrs Battalions affiliated to the Fatah are carrying pictures of the PLO movement in the West Bank who are in Israeli prisons and Marwan perish. 
One of the dead Fatah Movement students to remain anonymous, said that the aim of the ZhwrnA arms is not opening that AltVkyr ttxl never the choice of the 
He added that the wHdtnA inside Fatah and all other Palestinian factions necessary lIfcAl projects for the Israeli occupation forces to liberate Palestine led by President Arafat's 
The Nabil Al-Said official in the Popular Front for Liberation of Palestine delivered a speech before the AlHcd AlmtjmE before the headquarters of the Fatah movement and stressed the importance of dialogue between the joint AlqwAsm specify the internal Palestinian factions of 
said disclose cancellation on its way to Washington for security reasons. 
London 1 - 1 (AFP) - A spokesman for the British Airways said disclose ( ) told Agence France Presse that the company Algt today, Thursday, one of its flights, three daily between London and Washington for security reasons routinely bOmr of government deals. 
He said that the trip 223 which was the with 180 rAkbA Olgyt for security bOmr from the government in this respect. 
The Ministry of the cancellation of the 
The spokesman said that the decision made disclose suspending flight today Thursday and after the opinion of the government in this respect. 
The spokesman explained that the decision to the cancellation of called before about three or four hours of the plane's departure from hvyrw Allndny at 05,15 tg Airport heading to dlAs in Washington. 
According to the cancellation of this trip that had been subjected to the same condition was over. flight 103 yesterday Wednesday by the American authorities responsible for security at the dlAs 
The British said that the American authorities responsible for security OSrt on all AstjwAb passengers adding that "the passengers led to Alnzwl of the situation, condition was over. by the American authorities of 
The spokesman said that the company disclose ststOnf its natural tomorrow, Friday, but the final decision would not take before this morning on Friday. 
close port in nfTy AlAlskA for security reasons. 
Washington 2 - 1 (AFP) - to xfr coasts. American last Tuesday closing the port fAldyz oil on the coast South lmnTqp AlAlskA for security reasons routinely within the framework of security measures in the source announced as mEzzp xfr coasts. yesterday, Thursday. 
The spokesman xfr coasts. jyf Without told Agence France Presse OmrnA port fAldyz to stop the activities of mwqtA for security reasons. 
He added that this comes within the framework of the level of AlbrtqAly AlInVAr 
The information in which he said that the port's administration will provide was in the oil pipeline through AlAlskA shut on Tuesday evening that he was still place yesterday, Thursday. 
The spokesman explained that activity in the port's administration will provide will resume soon of "the 
wynql AlOnbwb which amounts to which has 1280 km 17 percent of the United States in the oil consumption of oil in the fields of any brwdwy 
It is to be mentioned that the port fAldyz is one of the most important AlmrAfYC oil in the United States. 
The American authorities announced that these AlmrAfYC may be a and submitted on 21 December / December level to terrorist AlInVAr emotions, appeared which is the highest level of "the danger of such attacks on progressive during the period of the approach of the streets and the Christmas 
Iranian radio to lift the revival of 11 people with the debris." 
(the with Iran and 1 - 1 (AFP) - The Iranian radio public today, Thursday, that 11 people AntclwA revival of the debris." Wednesday five days after the earthquake, Almdmr which struck with south east of the 
The rescue teams were lost all hope to revive the bAlEvwr 
The media Iranian on Wednesday that five people in the AntclwA 
But the land enchanted AlmsEfwn foreign mrArthm towards Ejzhm in aid in this regard. 
The organizations foreign llmsAEdAt emergency to leave the area. 
The was found. two thousand people demonstrated the revival of the debris." only majority in the first days llzlzAl which struck the with on Friday. 
On the Roadmap and 30 thousand body till now. 
The Iranian President Mohamed Khatami said that the earthquake, may be that caused the death of 40 thousand workers. 
He was also to the death of 50 thousand 
In this meeting, the trial of the first AlArbEACEqd in qrAn since with any disaster, the radio reported the 
The this marriage was on quake and 
Advisor to Mubarak will start his talks with Arafat 
Ramallah (West Bank) 1 - 1 (AFP) - An Agence France Presse correspondent reported that the Egyptian political advisor Osama Al-Baz tackled arrived today, Thursday, in Ramallah where he started his talks with the President of the Palestinian Authority President Yasser Arafat. 
In the talks. The Jibril Alrjwb by the Minister of Negotiations Saeb Arekat and the Interior Minster of 
The Baz refused to make any statements as to boycott the 
The ten days after the visit of the visit paid by Egyptian Foreign Minister Ahmed Maher to Israel. 
The Baz was during the visit to Ramallah and Israel in August last August / the idea of calling for a new between the Palestinians and Israel, but mHAdtAt between the Palestinian factions under the auspices of the Egyptian on this matter was not the result of the 
It is expected that the Egyptian efforts, ttwASl mntZrp next week with a visit paid by the Head of the Intelligence in Egypt Major General Omar Suleiman, to Ramallah in the sixth of this month. 
Maher had announced on 22nd last month following his meeting with Prime Minister Ariel Sharon said that the latter mltzm Israel to avoid any of those against naturalization, saying that yqwD efforts to reach a possible operations against Israel. 
The that Maher ended, during his visit to the Al-Aqsa Mosque, which caused bOHrAj revealed that the Palestinian Authority to submit to the most important apology. HlfAQhA in the region. 
Moroccan monarch hopes and Al Qaeda, a peace in 2004. 
Rabat 1 - 1 (AFP) - A Moroccan monarch King Mohamed VI expressed hope that carries the year 2004 with a peace in the new dropped thAn message was sent to the heads of states and governments in the world. 
In the Moroccan monarch said that the Moroccan official news agency reported on Mml 2004 had informed that peace in all areas, which suffer from conflicts England, and 
