armed demonstrate the opening of the first time in the Palestinian Northern Lebanon. 
AlbdAwy (Lebanon), 1 - 1 (AFP) - demonstrated more than three thousand in the Palestinian AlbdAwy the Palestinian refugees in the north of Lebanon to mark the anniversary of the Fatah movement including armed 39 On the first time in this region of Lebanon since more than twenty years. 
Agence France Presse correspondent reported that the demonstrators be OElAmA wlbnAnyp Palestinian children and Palestinian President Yasser Arafat. 
camp is located in the area controlled by the Syrian forces 
The demonstration scores of men of Al-Aqsa affiliated to the Fatah Movement who are carrying pictures of the PLO movement in the West Bank AlmEtql in Israeli prisons Marwan Barghothy's 
One of the cadres of the Fatah movement students not to reveal that the aim of ZhwrnA arms AltVkyr is not opening that never ttxl the option of armed struggle 
He added that the Unity; inside Fatah and all other Palestinian factions necessary US projects Israeli occupation forces have Palestine led by President Arafat." 
Nabil Al gave the official in the Popular Front for Liberation of Palestine a speech before the The AlmtjmE before the headquarters of the Fatah movement stressed the necessity of the Palestinian dialogue to consider specify the common grounds between various Palestinian factions and 
British Gas Oyrwyz tlgY visit to Washington for security reasons. 
London 1 - 1 (AFP) - A spokesman for the British Airways (AFP) - British Gas Oyrwyz told Agence France Presse that the company has cancelled a deal today, Thursday, a daily three flights between London and Washington for security reasons. Bremer, of the British government 
He said that the trip 223 which was to 180 carrying passengers will for security reasons Bremer, from the government in this respect. 
The Ministry of Transport and the cancellation of the flight." 
The ministry spokesman said that the British Gas Oyrwyz had taken the decision to suspend the trip today Thursday after the opinion of the government in this respect. 
The spokesman explained that the decision of canceling before trip took about three or four hours of the plane's departure from hvyrw Allndny Airport at 05,15 tg Airport heading to dlAs in Washington. 
The cancellation of this trip that after the trip passengers yesterday Wednesday llAstjwAb by the American authorities responsible for security in the Airport dlAs 
The British pointed out that the American authorities responsible for security OSrt to interrogate all passengers adding that "the passengers were compelled to Alnzwl of the plane wAlxDwE llAstjwAb by American authorities 
Spokesman for the British Gas Company ststOnf Oyrwyz that their natural tomorrow, Friday, but the final decision would not take before this morning, Friday. 
closing the Port of oil in AlAlskA for security reasons. 
Washington 2 - 1 (AFP) - American coasts is xfr last Tuesday closing Port fAldyz oil on the southern Coast area AlAlskA for security reasons in the framework of security measures also be xfr coasts in source announced yesterday, Thursday. 
The spokesman for the coasts xfr jyf Carter told Agence France Presse "the OmrnA fAldyz Port to stop its activities mwqtA security reasons. 
He added that this matter comes within the framework of the level of caution AlbrtqAly 
The press information that serves the harbor. which came in the oil pipeline through AlAlskA closed on Tuesday evening that he was still a yesterday, Thursday. 
The spokesman explained that activity in the harbor. Mahir said, "I will soon 
wynql AlOnbwb which hits which is 1280 km 17 percent of oil consumption in the United States of oilfields in brwdwy of any 
It might be mentioned that the port fAldyz is one of the most important AlmrAfYC oil in the United States. 
The American authorities announced that these AlmrAfYC may be goals. The terrorists in 21 December / December level to terrorist caution lwn brtqAly which is the highest level due to growing danger to admit that the Algerian B.C. OEyAd during the period of the year. 
Iranian radio to lift 11 persons in the suburbs of rubble with 
with Iran ( ) 1 - 1 (AFP) - The Iranian radio reported public today, Thursday, that 11 people AntclwA reviving from among the rubble Wednesday after five days to launch devastating attacks earthquake, which struck with (the southeast GMT). 
The rescue teams lost all bAlEvwr hoping to revive the 
The Iranian media on Wednesday that five people AntclwA of reviving 
But on the ground did not yxf AlmsEfwn foreigners mrArthm towards Al in aid in this regard. 
The foreign organizations emergency aid to leave the area. 
The lift two thousand people between the rubble of reviving only majority in the first days llzlzAl which struck the with Friday. 
The in return, burying 30 thousand bodies so far. 
Iranian President Mohamed Khatami said that the earthquake, may be that caused the death of 40 thousand workers. 
It was also speak about 50 thousand fatalities and 
In this amid the trial had been AlArbEACEqd qrAn with in the first since the catastrophe practiced on what the radio reported 
The this marriage was on the quake 
Mubarak Advisor to start his talks with Arafat 
Ramallah (West Bank) 1 - 1 (AFP) - An Agence France Presse correspondent reported that the Egyptian President's political advisor Osama Al-Baz arrived today, Thursday, to Ramallah where started his talks with the head of the Palestinian Authority, Yasser Arafat. 
The talks security advisor to the Jibril Al-Rajoub minister in charge of negotiations Saib Ariqat, the verdict blEAwy Interior Minister 
Al-Baz refused to make any statements after his arrival in province. 
visit comes after ten days of the visit paid by Egyptian Foreign Minister Ahmed Maher to Israel. 
The Al-Baz was during a visit to Ramallah and Israel in August last August / the idea of a new truce between the Palestinians and Israel. But mHAdtAt between the Palestinian factions sponsored on this matter did not result from resolution. 
It is expected to push the Egyptian efforts, next week with mntZrp visit by Egypt in the General Intelligence Service, Major General Omar Suleiman, to Ramallah in the sixth of this month. 
Maher announced in 22 last month following his meeting with Israeli premier Ariel Sharon that the latter is committed to avoid any action that would yqwD efforts to reach a possible operations against Israel. 
The attack was Maher during his visit to Al-Aqsa Mosque which cause bOHrAj revealed that the Palestinian Authority to apologize to Egypt and the most important of its allies in the region. 
Moroccan monarch said, "the peace victory in 2004. 
Rabat 1 - 1 (AFP) - the Moroccan monarch King Mohamed VI expressed hope that carries the year 2004. with the victory of peace in the new year. thAn a message he sent to the heads of states and governments in the world. 
He said the Moroccan monarch in his message that news agency reported on the Moroccan official Mml that marry 2004, the triumph of peace in all areas which suffer from the barbed disputes 
