armed demonstrate the opening of the first time in the Palestinian Northern Lebanon. 
AlbdAwy (Lebanon), 1 - 1 (AFP) - demonstrated more than three thousand in the Palestinian AlbdAwy Palestinian refugee in the north of Lebanon to mark the anniversary of the 39 armed men, including Fatah movement On the first time in this region of Lebanon since more than twenty years. 
Agence France Presse correspondent reported that the demonstrators be OElAmA wlbnAnyp Palestinian children and Palestinian President Yasser Arafat. 
camp is located in the area controlled by the Syrian forces 
The demonstration of armed scores of Al-Aqsa affiliated to the Fatah Movement who are carrying pictures of the PLO movement in the West Bank AlmEtql in Israeli prisons Marwan Barghothy's 
One of the cadres of the Fatah movement students not to reveal that the aim of ZhwrnA arms is not open that AltVkyr never ttxl the option of armed struggle 
He added that the Unity; inside Fatah and all other Palestinian factions projects US transgressed the Israeli occupation forces have Palestine led by President Arafat." 
Al-Said Nabil gave the official in the Popular Front for Liberation of Palestine a speech before the The AlmtjmE before the headquarters of the Fatah movement stressed the necessity of the Palestinian dialogue to consider specify the common grounds between factions it." 
British Gas Oyrwyz tlgY flight to Washington for security reasons. 
London 1 - 1 (AFP) - A spokesman for the British Airways (the British Gas - Oyrwyz told Agence France Presse that the company has cancelled a deal today, Thursday, a daily three flights between London and Washington for security reasons. Bremer, of the British government 
He said that the trip 223 on which was carrying 180 passengers will Bremer, for security reasons of the government in this respect. 
The Ministry of Transport and the cancellation of the flight." 
The ministry spokesman said that the British Gas Oyrwyz had taken the decision to suspend the trip today Thursday after the opinion of the government in this respect. 
The spokesman explained that the decision of canceling before trip took about three or four hours of the plane's departure from hvyrw Allndny Airport at 05,15 tg Airport heading to dlAs in Washington. 
This came after the trip that itself trip passengers yesterday Wednesday of llAstjwAb before the American authorities responsible for security in the Airport dlAs 
British spokesman pointed out that the American authorities responsible for security OSrt to interrogate all passengers adding that "the passengers were compelled to Alnzwl of the plane wAlxDwE llAstjwAb before of American authorities 
Spokesman for the British Gas Company that Oyrwyz ststOnf their natural tomorrow, Friday, But the final decision would not take before this morning, Friday. 
Port close in a symbolic AlAlskA for security reasons. 
Washington 2 - 1 (AFP) - American coasts is xfr last Tuesday closing Port fAldyz oil on the southern Coast area for security reasons AlAlskA within the framework of the security measures also be xfr coasts in source announced yesterday, Thursday. 
The spokesman for the coasts xfr jyf Carter told Agence France Presse "the OmrnA fAldyz Port to stop its activities mwqtA security reasons. 
He added that this matter comes within the framework of the level of caution AlbrtqAly 
The press information in that serves the oil pipeline in which the harbor. through AlAlskA closed on Tuesday evening was he is still a yesterday, Thursday. 
The spokesman explained that "the Mahir harbor. in activity will soon it." 
wynql which hits AlOnbwb which is 1280 km 17 percent of oil consumption in the United States from oilfields in any brwdwy the 
It might be mentioned that the port fAldyz is one of the most important AlmrAfYC oil in the United States. 
The American authorities announced that this may be AlmrAfYC terrorists in such a 21 December / level of December to terrorist caution lwn brtqAly which is the highest level due to the growing danger to admit that the Algerian B.C. OEyAd during the period of the year. 
Iranian radio to lift 11 persons in the rubble of reviving with 
Iran (the with 1 - 1 - (AFP) - Iranian radio reported public today, Thursday, that 11 people AntclwA between of reviving the debris." Wednesday after five days to launch devastating attacks earthquake, which struck with (the southeast GMT). 
The rescue teams all lost hope of reviving the bAlEvwr 
Iranian mass media reported on Wednesday that five people AntclwA of reviving 
But not on the ground yxf AlmsEfwn foreigners in Al towards mrArthm aid in this regard. 
The foreign organizations emergency aid to leave the area. 
The lift two thousand people between the rubble of reviving only majority in the first days llzlzAl which struck with area on Friday. 
Anybody in return, burying 30 thousand bodies so far. 
Iranian President Mohamed Khatami said that may be nothing that caused the death of 40 thousand workers. 
It was also speak about 50 thousand fatalities and 
In this amid the trial was the first AlArbEACEqd in qrAn with since the catastrophe practiced on what the radio reported 
The this marriage was on the quake 
Mubarak Advisor to start his talks with Arafat 
Ramallah (West Bank) 1 - 1 (AFP) - An Agence France Presse correspondent reported that the Egyptian President's political advisor Osama Al-Baz arrived today, Thursday, to Ramallah where started his talks with the head of the Palestinian Authority, Yasser Arafat. 
The talks in security advisor to the power Jibril Al-Rajoub and negotiations in charge of the Interior Minister Saib Ariqat, the verdict blEAwy 
Al-Baz rejected any casting statements after his arrival in province. 
The ten days after the visit of the visit paid by Egyptian Foreign Minister Ahmed Maher to Israel. 
The Al-Baz launched during a visit to Ramallah and Israel in August / last August, the idea of a new truce between the Palestinians and Israel. But between mHAdtAt sponsored the Palestinian factions on this matter did not result from resolution. 
It is expected that the Egyptian efforts to push next week with mntZrp visit by Egypt in the General Intelligence Service, Major General Omar Suleiman, to Ramallah in the sixth of this month. 
The Maher 22 in announced last month following his meeting with Israeli premier Ariel Sharon that the latter is committed to avoid any action that would yqwD efforts to reach a possible operations against Israel. 
The rector Maher during his visit to assault the Aqsa Mosque which cause bOHrAj revealed that the Palestinian Authority to apologize to the most important to Egypt and its allies in the region. 
Moroccan monarch hopes to "regain the victory of peace in 2004. 
Rabat 1 - 1 (AFP) - the Moroccan monarch King Mohamed VI carries hope that the year 2004 with the victory of peace in the new year. thAn a message he sent to the heads of states and governments in the world. 
He said the Moroccan monarch in his message that news agency reported on the Moroccan official Mml that marry 2004, the triumph of peace in all areas which suffer from the barbed disputes 
