armed demonstrate the opening of the first time in the north of Palestinian Lebanon 
AlbdAwy (Lebanon), 1 - 1 (AFP) - demonstrated more than three thousand in the Palestinian refugee AlbdAwy Palestinians in the north of Lebanon to mark the anniversary of the 39 On the armed men, including Fatah Movement for the first time in this region of Lebanon since more than twenty years. 
Agence France Presse correspondent reported that the demonstrators be OElAmA wlbnAnyp Palestinian children and Palestinian President Yasser Arafat. 
the camp is located in the area controlled by the Syrian forces 
The demonstration of men of Al-Aqsa affiliated to the Fatah Movement who are carrying pictures of the PLO movement in the West Bank AlmEtql in Israeli prisons Marwan Barghothy's 
One of the Fatah movement cadres students not to reveal that the aim of arms ZhwrnA is not open that AltVkyr never ttxl the option of armed struggle 
He added that the Unity; inside Fatah and other Palestinian factions all necessary projects US the Israeli occupation forces have led by Palestine President Arafat." 
Al-Said Nabil gave the official in the Popular Front for Liberation of Palestine a speech before the The AlmtjmE before the headquarters of the Fatah movement stressed the necessity of the Palestinian dialogue to organize an common grounds between various Palestinian factions and 
British Gas Oyrwyz tlgY visit to Washington for security reasons. 
London 1 - 1 (AFP) - A spokesman for the British Airways (the British Gas and Oyrwyz told Agence France Presse that the company has cancelled a deal today, Thursday, a daily three flights between London and Washington for security reasons for the British government of Bremer, 
He said that the trip 223 on which was carrying 180 passengers will Bremer, for security reasons of the government in this respect. 
The Ministry of Transport and the cancellation of the flight." 
The ministry spokesman said that the British Gas Oyrwyz had taken a decision to suspend the trip today Thursday after the opinion of the government in this respect. 
The spokesman explained that the decision took the cancellation of the flight." before about three or four hours of the plane's Airport at Allndny hvyrw 05,15 tg Airport heading to dlAs in Washington. 
The cancellation of this trip that after the trip passengers yesterday Wednesday of llAstjwAb before the American authorities responsible for security in the Airport dlAs 
The spokesman pointed out that the American authorities to the British security committee on OSrt on all passengers adding that "the passengers were compelled to Alnzwl of the plane wAlxDwE llAstjwAb before of American authorities 
Spokesman for the British Gas Company that Oyrwyz ststOnf natural their tomorrow, Friday, but the final decision will not take before Friday morning 
Port close in a symbolic AlAlskA for security reasons. 
Washington 2 - 1 (AFP) - American coasts is xfr last Tuesday closing the Port of fAldyz oil on the southern Coast area for security reasons AlAlskA within the framework of the security measures also be in the source announced yesterday coasts. xfr Thursday. 
The spokesman for the coasts xfr jyf Carter told Agence France Presse "the OmrnA fAldyz Port to stop its activities mwqtA security reasons. 
He added that this matter comes within the framework of the level of caution AlbrtqAly 
The press information came in which the harbor. that serves the oil pipeline through AlAlskA closed in on Tuesday evening was and is still a yesterday, Thursday. 
The spokesman explained that the harbor. in the activity of "the Mahir would soon 
wynql AlOnbwb which amounts to which is 1280 km 17 percent of oil consumption in the United States from oilfields in any brwdwy the 
It is to be mentioned that the port of fAldyz is one of the most important AlmrAfYC oil in the United States. 
The American authorities announced that this may be AlmrAfYC terrorists in such a 21 December / the level of December to terrorist caution lwn brtqAly which is the highest level for danger to admit that the Algerian B.C. OEyAd during the period of the year. 
Iranian radio to lift 11 persons in the rubble of reviving with 
Iran (the with 1 - 1 - (AFP) - The Iranian radio reported public today, Thursday, that 11 people AntclwA between of reviving the debris." Wednesday five days after the earthquake, to launch devastating attacks on the east of with 
The rescue teams all lost hope of reviving the bAlEvwr 
The Iranian mass media Wednesday that five people AntclwA revive the 
but did not on the ground yxf AlmsEfwn foreigners in Al towards mrArthm aid in this regard. 
The foreign organizations emergency aid to leave the area. 
The lift two thousand people between the rubble of reviving only majority in the first days with the attack which llzlzAl on Friday. 
The burial in 30 thousand bodies so far. 
Iranian President Mohamed Khatami said that may be nothing that caused the death of 40 thousand people. 
It was also speak about 50 thousand fatalities and 
In this center was the trial in the first AlArbEACEqd qrAn with since the catastrophe practiced on public radio reported 
The this marriage was on the quake 
Mubarak to start his talks with Arafat 
Ramallah (West Bank) 1 - 1 (AFP) - An Agence France Presse correspondent reported that the Egyptian President's political advisor Osama Al-Baz arrived today, Thursday, to Ramallah where started his talks with the head of the Palestinian Authority, Yasser Arafat. 
The talks in security advisor to the Jibril Al-Rajoub and negotiations in charge of the Interior Minister Saib Ariqat, the rule of blEAwy 
Al-Baz rejected any refused to immediately to his statements province. 
The visit of ten days after the visit paid by Egyptian Foreign Minister Ahmed Maher to Israel. 
The Al-Baz was during a visit to Ramallah and Israel in August last August / the idea of a new truce between the Palestinians and Israel. However, between mHAdtAt sponsored the Palestinian factions on this matter did not result from resolution. 
It is expected that the Egyptian efforts to push next week visit with mntZrp by Egypt in the General Intelligence Service, Major General Omar Suleiman, to Ramallah in the sixth of this month. 
The Maher 22 in announced last month after his meeting with the Israeli premier Ariel Sharon that the latter is committed to avoid any action that would yqwD efforts to reach a possible operations against Israel. 
The attack was Maher during his visit to the Aqsa Mosque which cause bOHrAj revealed that the Palestinian Authority to apologize to Egypt and the most important of its allies in the region. 
Moroccan monarch said, "the peace victory in 2004. 
Rabat 1 - 1 (AFP) - the Moroccan monarch King Mohamed VI carries hope that the year 2004 with the victory of the peace in the new year. thAn a message he sent to the heads of states and governments in the world. 
He said the Moroccan monarch in his message that news agency reported on the Moroccan official Mml that marry 2004, the triumph of peace in all areas which suffers from the barbed disputes 
