armed demonstrate of opening the first time in the north of the Palestinian Lebanon 
AlbdAwy (Lebanon), 1 - 1 (AFP) - Palestinian demonstrated more than three thousand in the Palestinian refugees in Lebanon AlbdAwy north anniversary 39 On the occasion of the Fatah movement armed including the first time in this region of Lebanon since more than twenty years. 
Agence France Presse correspondent reported that be Palestinian demonstrators OElAmA wlbnAnyp Rebo and Palestinian President Yasser Arafat. 
camp is located in the area controlled by the Syrian forces 
The demonstration in scores of martyrs armed Aqsa Al-Qassam affiliated to the Fatah Movement and pictures of the PLO passports, Amin movement in the West Bank Marwan AlmEtql in Israeli prisons Barghothy's 
One of the Fatah movement cadres students not to reveal that the aim of arms AltVkyr ZhwrnA is that never did not ttxl opening the option of armed struggle 
He added that "the Unity; all Palestinian factions inside Fatah and other projects transgressed the US occupation forces have led by Israeli Palestine President Arafat." 
The official Nabil Al-Said in a speech before the Popular Front for Liberation of Palestine The AlmtjmE before the headquarters of the Fatah movement stressing the necessity of the Palestinian dialogue consider specify the common grounds between the different factions 
British Gas tlgY Oyrwyz flight to Washington for security reasons. 
London 1 - 1 - announced (AFP) A spokesman for the British Airways British Gas Company ( ) Oyrwyz told Agence France Presse that the company has cancelled a deal today, Thursday, a daily three flights between London and Washington for security reasons of the British government Bremer, 
He said that 223 trip which was carrying passengers to 180 will Bremer, for security reasons of the government in this respect. 
The Ministry of Transport and the cancellation of the flight." 
The ministry spokesman said that the British Gas Oyrwyz had taken the decision to suspend today, Thursday, trip (the after the opinion of the government in this respect. 
The spokesman explained that the decision of canceling before trip took about three or four hours of the plane's of hvyrw Allndny Airport at 05,15 tg Airport heading to dlAs in Washington. 
This came after the cancellation of the trip that trip itself passengers yesterday Wednesday before llAstjwAb of American security authorities responsible in the Airport dlAs 
The British pointed out that the American security authorities responsible OSrt all passengers to interrogate adding that the plane passengers were compelled to Alnzwl of wAlxDwE llAstjwAb before the American authorities of 
British Gas Oyrwyz spokesman explained that the company ststOnf natural but their tomorrow, Friday, the final decision would not take before Friday morning 
Port in closing oil AlAlskA for security reasons. 
Washington 2 - 1 (AFP) - American coasts is xfr last Tuesday closing fAldyz big port oil on the southern Coast area for security reasons. AlAlskA within the framework of security measures in the source also be announced in coasts. xfr yesterday, Thursday. 
The spokesman for the coasts. Carter xfr jyf told Agence France Presse "the OmrnA fAldyz Port to stop its activities mwqtA security reasons. 
He added that this matter comes within the framework of the level of caution AlbrtqAly 
The press information that that came in the harbor. in which serves the oil pipeline closed through AlAlskA on Tuesday evening was a and is still yesterday, Thursday. 
The spokesman explained that activity in the harbor. Mahir said, "I will soon 
wynql AlOnbwb which hits which is 1280 km 17 percent of oil consumption in the United States of oilfields in any brwdwy the 
It is to be mentioned that fAldyz Port is one of the most important oil AlmrAfYC in the United States. 
The American authorities announced that this may be AlmrAfYC goals. The first terrorists in December / 21 December caution to the level of terrorist lwn brtqAly which is the highest level of danger to admit that due to growing attacks during the period of the Algerian OEyAd B.C. year. 
Iranian radio point to lift the neighborhoods of 11 persons in with the debris." 
( ) with Iran 1 - 1 (AFP) - Iranian public radio reported today, Thursday, that 11 people AntclwA reviving between the rubble of Wednesday after five days to launch devastating attacks on the earthquake, which struck with South East (the GMT). 
The rescue teams lost all bAlEvwr hoping to revive the 
The Iranian media Wednesday that five people AntclwA revive it. 
But on the ground did not yxf AlmsEfwn foreigners mrArthm towards in Al assistance in this regard. 
The foreign emergency aid organizations to leave the area. 
The two thousand people were lift revive between the majority of rubble only in the first days llzlzAl striking with which the Friday 
The burial in return, 30 thousand bodies so far. 
The Iranian President Mohamed Khatami in that may be earthquake, caused the death of 40 thousand workers. 
It was also speak about 50 thousand fatalities and 
In this was the first trial amid AlArbEACEqd qrAn in since the catastrophe with practiced on what public radio reported 
It is scheduled to this quake marriage on the 
Mubarak Advisor to start his talks with Arafat 
Ramallah (West Bank) 1 - 1 (AFP) - An Agence France Presse correspondent reported that the Egyptian President's political advisor Osama Al-Baz arrived today, Thursday, to Ramallah where started his talks with the Palestinian Authority President Yasser Arafat. 
The talks security advisor to the power Jibril Al-Rajoub affairs and negotiations with Saib Ariqat, the rule of the Interior Minister blEAwy 
Al-Baz rejected any immediately to make statements upon province. 
The visit of ten days after the visit paid by Egyptian Foreign Minister Ahmed Maher to Israel. 
The Al-Baz during the visit was to Ramallah and Israel / in August last August the idea of a new truce between the Palestinians and Israel. But mHAdtAt between Palestinian factions sponsored on this matter did not result from resolution. 
It is expected that the Egyptian efforts to push next week with mntZrp visit by the General Intelligence Service, Major General Omar Soliman in Egypt to Ramallah in the sixth of this month. 
The Maher announced last month in 22 following his meeting with premier Ariel Sharon that Israel is committed to avoid any of the latest action that would yqwD efforts to reach a ceasefire in outweigh operations against Israel. 
The attack was then Maher during his visit to the Aqsa Mosque matter which caused bOHrAj which revealed the Palestinian Authority to submit to the most important apology and its allies in the region. 
Moroccan monarch said, "the peace victory in 2004. 
Rabat 1 - 1 (AFP) - the Moroccan monarch King Mohamed VI expressed hope that carries the year 2004 with the victory of peace in the new year. This thAn he sent a message to the heads of states and governments in the world. 
He said that the Moroccan monarch in his official news agency reported on the Moroccan Mml that marry 2004, the triumph of peace in all areas which suffer from the disputes barbed 
