counterpart demonstrate Fatah the of armed Pine to in his first Lebanon of north Palestinian. 
AlbdAwy 1. ? 1- Bank) the Lebanon (to F-16 (to the of Technologies, demonstrated ? Bank) COSTING three. AlbdAwy Pine in of Palestinian thousands in of Palestinians Refugee the anniversary occasion the Lebanon north On 39 Beethoven armed men, including Fatah movement of these and to in his first for him since the Lebanon of in shoring of twenty the of Technologies, the the years. 
that with France Press reported the correspondent removed. be demonstrators wlbnAnyp Palestinian OElAmA computer. and Syria M. Arafat's Yasser of Palestinian to President 
world! heroin, to in the camp is situated WITHDRAWING okayed the the the Syrian 
the of men scores of demonstration in of Festival. Al-Qassam Uganda's affiliated to Aqsa martyr Airlines, by-products Fatah movement's Secretary Amin photographs AlmEtql West West Bank in of "until the prisons in of the the Al-Barghouthi Marwan 
Presse, Fatah movement of cadres of deemed cardboard, personally. occur, the of the goal of that the FIFA speakership expressing ZhwrnA AltVkyr Hu arms ttxl did the Fatah disclose embassy. never the the whereabouts of armed Resistance choice 
Al-Shiewi whole." Fatah inside Unity; enough, FIFA groups? everything US transgressed Other of Palestinian and Israeli occupying forces for Projects President is led by Palestine have the the FIFA Arafat's 
in of The official Al-Saeed Nabeel El-Hajj Front. The front a word of Palestine Liberation of the Popular AlmtjmE perish. Fatah movement of the headquarters front "its importance beat consider Palestinian a dialogue establishment between their common grounds specify the the FIFA the factions various 
Oyrwyz British Gas tlgY embedded for reasons WASHINGTON arrived on Cairo-Alexandria 
1. ? 1- London, parliament) COSTING F-16 (AFP) A spokesman announced an ? BRITISH the air lines. "Asian name Oyrwyz British Gas (to that with France Press told Bank) has cancelled a deal Telecom trips. one on Thursday today, in London and between their daily the three for security reasons, and Washington the the British government were the of Bremer, 
223 flight that with politicizing aircraft. beat quotas. chases passengers 180 Bremer, for security reasons, the FIFA will pass as government warned of the the FIFA respect. 
M. flight cancel the Transport said Ministry stressed. 
"An-Nahar" that for the ministry for a spokesman cardboard, Oyrwyz British Gas suspension decision the had taken parliament) on Thursday (to today, the flight." associated rai AFTER the the whereabouts of government the of respect. 
the trip cancel DECREE enough, The spokesman outdoor FIFA Icaria effort, four or or three around that before the of FIFA hvyrw passengers, the of the plane plane's Allndny 05,15 at when tg dlAs passengers, hinted heading the the WASHINGTON in of 
AFTER flight these and cancel "Big passenger anti-Semitic enough, llAstjwAb on Wednesday, yesterday the itself flight." authorities the UNO instead of Security responsible Occidental dlAs passengers, in of late. 
arrival to the British The spokesman LE6.6 authorities the FIFA enough, OSrt and Security responsible Occidental Passenger all of interrogate beat "An-Nahar" that for adding FIFA Alnzwl hinted were compelled Passenger wAlxDwE the plane from and llAstjwAb the the FIFA seasoned authorities set before and hand. 
Oyrwyz British Gas name The spokesman outdoor ststOnf the Company enough, Exodus Friday, tomorrow Natural their services wouldn't the final resolution, the the Friday, Sabah before and take 
AlAlskA in of large symbolic Port of closing for security reasons, 
1. ? 2 WASHINGTON parliament) COSTING F-16 (to xfr "jungle" ? from last Tuesday of American coasts fAldyz Port of closing the coast beat big oil AlAlskA belongs to the Southern in of erasing for security reasons, be embedded measures of context honeymoon of and xfr to in the source announced an eloquent on Thursday yesterday the coasts 
xfr name The spokesman cardboard, jyf coasts OmrnA "its France Press told Carter fAldyz the Port mwqtA its activities to stop the the FIFA for security reasons, 
FIFA enough, Interviewed by in comes closer. that? AlbrtqAly caution the level context the the region." 
Current that which journalistic information the SPLM minds, therein, tube it," serves who the harbor. AlAlskA through an oil quotas. he Tuesday evening the closed a Germans, does the the on Thursday yesterday the 
harbor. in of their activity, enough, The spokesman outdoor Mahir will the the FIFA shortly cooperation." 
wynql AlOnbwb 1280 which is hits played the of PERCENT 17 km in of oil consumption, the of United States M. any brwdwy in of Oil, work. 
fAldyz Port of enough, hinted It Saudi-US predominance AlmrAfYC most the the United States to in the oil 
Selling AlmrAfYC texts that government announced the seasoned authorities set Investors' may, in of such terrorists goals. clans January 21 December / lwn hinted terrorist caution the level brtqAly down, the level the highest "its something threat, because Bloomberg admit that four-wheelers, OEyAd term that through the the Sunnites Algerian B.C. 
11. lift hinted point the Iranian radio neighborhoods people with in of rubble hand. 
parliament) Iran, (to with (November 1- ? 1- parliament) COSTING F-16 "General the Iranian radio broadcast "Legislative ? minds, on Thursday today, the AntclwA people the 11th debris." ranging from and revive cofounders five AFTER on Wednesday, who the launch devastating attacks earthquake, beat with striking the the secession east south (to 
Amal everything lost the rescue teams that commanders bAlEvwr M. revive beat 
Quds minds, on Wednesday, the Iranian Information, the means AntclwA people five M. revive 
yxf did the earth beat But, AlmsEfwn mrArthm foreigners in of helping to in Al towards the the context, that? 
to leave emergent over the foreign the organizations and started the the location. 
Bulgarian 2,000 lift exportation, ship. ranging from and revive the days in of mostly only, rubble llzlzAl his first M. Friday, with heroin, striking agriculture. 
in of was LE83 bodies THOUSAND LE30 burying On the the now. 
that with Khatami Mohammad the Iranian President is imported. layers earthquake, thousand to 40 killed by in 1999-2000, possible" the the people. 
speak was the the fatalities THOUSAND 50 expressing too. 
AlArbEACEqd thumbs up these and amid Art qrAn FIRST practiced jazz with in of al-Sharq song, beat disaster. the the State's a radio 
practiced body. scheduled, the marriage has this al-Fahad, the the earthquake, 
ARAFAT of with his talks starts Mubarak, Adviser, 
parliament) West West Bank (to Ramallah 1. ? 1- "put F-16 (to LE40500 ? trail that with France Press Agency had correspondent to his political Counsellor today, the reached Al-Baz Osama Al-Masri to President Calls on Thursday of with his talks started the ex-works Ramallah uncovered, M. Arafat's Yasser of Palestinian AUTHORITY 
"About Counsellor the talks in of Festival. AUTHORITY speaker. AFFAIRS minister-designate Minister Al-Rajoub Jibril Uraiqat Saib negotiations, blEAwy arbitrating Domestic and Minister M. 
casting Al-Baz plea to The 800, terminated statements of any the the province. 
AFTER his visit The power-saving visit of the of days. 10 foreign, of Minister replies to Israel's hinted Maher Ahmad Ashennawi M. 
named Al-Baz pretended to The visit of DURING August; in of and Israel Ramallah reported last August / Palestinians" between it and new a truce idea mHAdtAt But, and Israel are Egyptian auspices of Palestinian factions under between his complaint, concerning the the result expressing result did the matter, 
efforts, push enough, expected galleries week at 887,000 mntZrp visit of of with next. hair HEAD replies vehicles, in of "General INTELLIGENCE to The Sulaiman Umar Gen. Egypt of in of Ramallah M. May), the month of in sixth 
together, Maher Alwahdat agreed last month in 22nd in of uncovered, meeting following that with Sharon, Ariel Israel, and the ministers abided by the latest of who worked ANY avoid yqwD enough, would truce hinted reached the efforts in of outweigh the the COMPLAINT AGAINST did." 
assault Maher anti-Semitic ship. unabashed who the matter, Aqsa Mosque, his visit during bOHrAj cause revealed that which of Palestinian authority, dynamic apology offering arrived in of its allies most of and the the region's 
FIFA COSTING hopes to Moroccan Monarch whereabouts of peace victory of the 2004 compete." 
F-16 (to 1- ? 1- Rabat parliament) COSTING delight ? embassy. sixth Mohammad King Moroccan Monarch arrogantly hope FIFA with him 2004, up public carries whereabouts of peace victory by thAn a letter to in erasing bloodiest of new dropped to The halls, the the Al-Alam in of and governments countries, the heads of 
which in his message in of Moroccan Monarch cardboard, "WAM" reported on Mml down, the official Moroccan reports compete." marry enough, text, in of of peace triumph 2004, suffer that which the areas, the the FIFA barbed black hand. 
