opening of the armed demonstrate the first time in the Palestinian Northern Lebanon. 
1- (Lebanon), AlbdAwy (AFP) - 1% more than three thousand Palestinian demonstrated in the north of Lebanon in the Palestinian refugee AlbdAwy mark the anniversary of the Fateh Movement including armed 39 On the first time in this region of Lebanon since more than twenty years. 
Agence France Presse correspondent reported that the demonstrators be OElAmA Palestinian children and Syria wlbnAnyp Palestinian President Yasser Arafat. 
camp is located in the area controlled by the Syrian forces 
In Saturday's scores of the demonstration of men affiliated to the Al-Aqsa Fateh Movement Secretary pictures are seen in the West Bank movement in AlmEtql Barghothy's Marwan Israeli jails. 
One of the Fateh movement cadres students on anonymity said that "it is the arms from goal ZhwrnA that AltVkyr not opening of the armed struggle option that never ttxl it." 
He added that Unity; all Palestinian factions inside Fatah and other projects US transgressed Palestine deregulation the Israeli occupation forces led by President Arafat." 
Al-Said Nabil gave the Popular Front for Liberation of Palestine in the official before the word before AlmtjmE Fateh Movement premises The stressed the necessity of establishing dialogue between the common grounds would consider the Palestinian factions and 
British Gas to the flight tlgY Oyrwyz Washington for security reasons. 
London 1 - 1 (AFP) - British Airways spokesman (AFP) British Gas and Oyrwyz told Agence France Presse that the company has cancelled a deal today, Thursday, a daily three flights between London and Washington for security reasons and the British government Bremer, 
He said that the trip on was which 223 180 carrying passengers will from Bremer, for security reasons and the government in this respect. 
The Ministry of Transport and the cancellation of the flight." 
The ministry spokesman said that the British Gas decision taken Oyrwyz (the day trip comment on Thursday after the opinion of the government in this respect. 
The spokesman explained that the decision about before he took three or four hours of one of the plane's passengers, hvyrw at Allndny at 05,15 in dlAs tg Airport heading to Washington. 
This came after the trip that passengers were exposed yesterday, Wednesday, itself trip from llAstjwAb before the American authorities responsible in the security of dlAs Airport. 
The spokesman said that the authorities to the British and American security committee on OSrt all interrogate passengers adding that "the passengers were compelled to from Alnzwl wAlxDwE from llAstjwAb before the American authorities 
The spokesman explained that the Oyrwyz their ststOnf British Gas Company for Natural tomorrow, Friday, but the final decision would be taken before this morning, Friday. 
In a symbolic Port to close the AlAlskA for security reasons. 
Washington 2 - 1 (AFP) - The American coasts. xfr thing. closing last Tuesday, oil fAldyz port on the southern Coast area for security reasons AlAlskA within the framework of This will also be security measures in the source announced yesterday, coasts. xfr Thursday. 
The spokesman for the coasts xfr Carter jyf told Agence France Presse "the port OmrnA mwqtA to stop fAldyz its security reasons. 
He added that this matter caution level comes within the framework of AlbrtqAly 
The by the press information confirmed that the delivered by the harbor. in serves via the oil pipeline closed AlAlskA on Tuesday evening was it is still a yesterday, Thursday. 
The spokesman explained in the activity will harbor. Mahir said, "I SOON 
which is amounts to which AlOnbwb wynql km 1280 consumption in the field of 17 percent of the United States oilfields in any brwdwy it. 
It might be mentioned that the port is fAldyz one of the most important AlmrAfYC oil in the United States. 
The American authorities announced that this may be AlmrAfYC terrorists in such a 21 December / first the level of December, a brtqAly caution pointed out the terrorist lwn due to the danger is the highest level in the attacks to admit that for a period of the year Algerian B.C. OEyAd 
Iranian radio to lift 11 persons in the rubble of reviving with 
with Iran, (AFP) - 1 - 1 (AFP) - The Iranian radio reported today, Thursday, that public revive AntclwA 11 persons from among the rubble Wednesday on five days after the earthquake, launch devastating attacks on the eastern and southern (the with 
Rescue teams had lost all hoping to bAlEvwr revive it. 
Iranian mass media reported today that five people AntclwA revive it. 
But not on the ground of foreigners AlmsEfwn yxf towards mrArthm in Al aid in this regard. 
The foreign organizations emergency aid to leave the area. 
The lift two thousand people, the majority of the neighborhoods in the first days only. rubble which llzlzAl the struck with on Friday. 
Anybody in return, burying 30 thousand bodies so far. 
Iranian President Mohamed Khatami said that may be nothing that caused the death of 40 thousand workers. 
It was also speak about 50 thousand fatalities and 
In this site had been up the first AlArbEACEqd in qrAn since with what the catastrophe practiced in radio reported 
The this marriage on scheduled in quake 
Mubarak Advisor to start his talks with Arafat. 
Ramallah (West Bank) 1 - 1 (AFP) - An Agence France Presse correspondent reported that the Egyptian President's political advisor Osama Al-Baz arrived today, Thursday, to Ramallah where started his talks with the Palestinian Authority President Yasser Arafat. 
In the talks, the authority of security advisor Jibril Al-Rajoub and negotiations in charge of the Interior Minister Saib Ariqat, the rule of blEAwy 
Al-Baz rejected any refused to immediately to his statements province. 
visit comes from 10 days after the visit paid by Egyptian Foreign Minister Ahmed Maher to Israel. 
It is to visit during the opened al-Baz Ramallah and Israel / in August last August, the idea of a new truce between the Palestinians and Israel. But between the mHAdtAt sponsored the Palestinian factions on this matter did not result from resolution. 
It is expected to push ahead with the next week Egyptian efforts, visit by mntZrp in Egypt Intelligence Service, Major General Omar Suleiman, to Ramallah in the sixth of this month. 
Maher had announced last month in 22 following his meeting with Israel, premier Ariel Sharon said that the latter is committed to avoid any action that would reach efforts yqwD in outweigh truce operations against Israel. 
Maher was surprised during his visit to assault the Aqsa Mosque which was caused by the Palestinian Authority, bOHrAj revealed to submit to the Kuwaiti and most of its allies in the region. 
Moroccan monarch "the hope that peace is victory in 2004. 
Rabat 1 - 1 (AFP) - the Moroccan monarch King Mohamed VI 2004 year. carries hope that with the victory of peace in the new year. thAn he had sent a message to the heads of states and governments in the world. 
In the Moroccan monarch said that his News Agency reported on the Moroccan official said that the Mml marry 2004, the triumph of peace in all areas, which suffer from disputes source said. 
