armed demonstrate the opening of the first time in the north of Palestinian Lebanon 
AlbdAwy (Lebanon), 1 - 1 (AFP) - The more than three thousand demonstrated in the Palestinian AlbdAwy occasion Lebanon in the north of Palestinian refugee 39 anniversary of the armed men, including Fatah Movement On the first time in this area since the Lebanon of more than twenty years. 
Agence France Presse correspondent reported that the demonstrators OElAmA be wlbnAnyp Palestinian children and Palestinian President Yasser Arafat. 
camp is located in the area controlled by the Syrian forces 
The demonstration of men of Al-Aqsa they affiliated to the Fateh movement Secretary of the pictures of seen in the West Bank Marwan in Israeli prisons AlmEtql Barghothy's 
One of the Fatah movement cadres be students that the aim of arms ZhwrnA AltVkyr is not opening that never ttxl the Resistance the option of 
He added that the opening inside Unity; all other Palestinian factions and the US necessary projects Israeli occupation forces have led by Palestine President Arafat." 
The official Al-Said Nabil gave the Popular Front for Liberation of Palestine in a speech before the headquarters AlmtjmE The stressed the necessity of establishing an common grounds specify the Palestinian dialogue between the factions 
British Gas tlgY Oyrwyz visit to Washington for security reasons. 
London 1 - 1 (AFP) - British Airways spokesman Oyrwyz British Gas (AFP) - has cancelled a deal that the company told Agence France Presse today, Thursday, a daily three flights between London and Washington Bremer, for security reasons for the British government 
He said that the 223 trip which was carrying passengers 180 will Bremer, for security reasons and the government of in that regard. 
They confirmed that the cancellation of the Ministry of Transport 
The ministry spokesman said that the decision taken Oyrwyz British Gas trip comment on Thursday today after the opinion of the government in this respect. 
The spokesman explained that the decision of canceling before took the trip about three or four hours of the plane's of hvyrw Airport at Allndny 05,15 tg dlAs Airport heading to the in Washington. 
This came after the trip that the trip passengers yesterday Wednesday llAstjwAb charged with the American authorities of security in the dlAs Airport 
The spokesman pointed out that the British security committee charged with the American authorities to interrogate OSrt all passengers lawyer", adding that the plane of passengers were compelled to Alnzwl llAstjwAb wAlxDwE of the American authorities 
Spokesman for the British Gas Company that Oyrwyz ststOnf Friday natural their final decision but will not take the Friday morning before 
Port to close down in oil AlAlskA for security reasons. 
Washington 2 - 1 (AFP) - American coasts xfr is over last Tuesday fAldyz Port on the oil for security reasons AlAlskA the southern Coast area in the framework of security measures also be xfr in source announced Thursday yesterday coasts. 
The spokesman for the coasts xfr jyf told France Press, Carter OmrnA fAldyz Port mwqtA its activities to stop the for security reasons. 
He added that this matter AlbrtqAly caution level comes within the framework of 
The press information in which the harbor. that serves the oil pipeline in AlAlskA through on Tuesday evening closed and is still was yesterday a Thursday. 
The spokesman explained that "the Mahir activity will soon in the 
wynql AlOnbwb which is which hits 1280 km 17 percent of the United States in the field of any brwdwy oilfields in the 
It is to be mentioned that the most important fAldyz Port is one of the United States in oil AlmrAfYC 
The American authorities announced that this may be AlmrAfYC terrorists in such a 21 December / level of December to terrorist caution lwn brtqAly due to the level of the highest which admit that the growing danger OEyAd during a period of the B.C. 
Iranian radio 11 people were lift to revive the rubble of with 
- Iran (the with 1 - 1 (AFP) - General Iranian radio reported today that 11 people of reviving AntclwA between five days after Wednesday rubble had nothing to launch devastating attacks on the east of with 
The rescue teams all lost hope of reviving the bAlEvwr 
Iranian media reported today that five people AntclwA of reviving 
But not on the ground yxf AlmsEfwn in helping Al towards mrArthm foreigners in this regard. 
The foreign organizations emergency aid to leave the area. 
The lift two thousand people between the rubble of reviving the first days of only llzlzAl on Friday with the 
The burial in 30 thousand bodies so far. 
Iranian President Mohamed Khatami said that may be nothing that caused the death of 40 thousand workers. 
It was also speak about the one thousand 50 
In the first was the trial such amid AlArbEACEqd qrAn catastrophe practiced since with in the public radio reported 
The marriage this quake on the scheduled 
Mubarak to start his talks with Arafat 
Ramallah (West Bank) 1 - 1 (AFP) - An Agence France Presse correspondent reported that Osama Al-Baz, political advisor to Egyptian President arrived today, Thursday, in Ramallah where his talks with started the head of the Palestinian Authority Yasir Arafat. 
The talks in the security advisor to the Jibril Al-Rajoub and negotiations in charge of the Interior Minister Saib Ariqat, the blEAwy verdict 
Al-Baz he arrived statements comments. province. 
The ten days after his visit of the Egyptian Foreign Minister Ahmed Maher to Israel. 
Al-Baz The during a visit was to Ramallah and Israel in August last August / the idea of a new truce between the Palestinians and Israel. But between mHAdtAt sponsored the Palestinian factions on this matter did not result from the as a result of 
It is expected that the Egyptian efforts to push next week with mntZrp visit by the General Intelligence Service, Major General Omar Suleiman, to Egypt in Ramallah on the sixth of this month. 
Maher was announced last month in 22 following his meeting with Israeli Premier Ariel Sharon is committed to the recent that any action that would avoid yqwD efforts to reach a possible a operations against Israel. 
The Maher was to the Al-Aqsa Mosque during his visit to assault which cause bOHrAj revealed that the Palestinian Authority to apologize to the most important to Egypt and its allies in the region. 
Moroccan monarch "the hopes to peace victory in 2004. 
Rabat 1 - 1 (AFP) - the Moroccan monarch King Mohamed VI expressed hope that the year 2004. carries with peace victory in the new year. thAn a message he sent to the countries and governments and heads of the world. 
He said that the Moroccan monarch in his message official Moroccan news agency reported on Mml marry that peace triumph in 2004 which suffer from areas in all the barbed disputes 
