shard_size = 0 shard_count = 0
Seeding random numbers with 4000
name: case value: true
Data::m_score_type BLEU
Data::Scorer type from Scorer: BLEU
Loading Data from: run1.scores.dat and run1.features.dat
loading feature data from run1.features.dat
loading score data from run1.scores.dat
Loading Data from: run2.scores.dat and run2.features.dat
loading feature data from run2.features.dat
loading score data from run2.scores.dat
Loading Data from: run3.scores.dat and run3.features.dat
loading feature data from run3.features.dat
loading score data from run3.scores.dat
Loading Data from: run4.scores.dat and run4.features.dat
loading feature data from run4.features.dat
loading score data from run4.scores.dat
Data loaded : [Wall 0.271515 CPU 0.270137] seconds.
Creating a pool of 1 threads
Best point: 0.0621275 0.0508811 0.0567586 0.102919 0.0188008 -0.0334623 0.0373443 0.0787532 0.0571819 0.051166 0.193577 0.00406665 0.0260097 -0.226952  => 0.178159
Stopping... : [Wall 18.8794 CPU 18.848] seconds.
