armed from opening demonstrate the first time in Pine Palestinian, Northern Lebanon. 
AlbdAwy (Lebanon), 1- 1 (AFP) - demonstrated more than three thousand Palestinian Pine AlbdAwy Palestinian refugees in North Lebanon, mark the anniversary of 39 On Fatah Movement armed including the first time in this region from Lebanon since more than twenty years. 
Gender Agence France Presse correspondent reported that the demonstrators be OElAmA Palestinian wlbnAnyp Syria computer. Palestinian President Yasser Arafat. 
camp is situated in the area controlled by Syrian forces 
Participating in Saturday's demonstration, scores of armed Aqsa martyrs. Battalions" affiliated to the Fateh Movement by-products passports, Tyre Amin secret movement in West AlmEtql in Israeli prisons Marwan Barghothy's 
One of the cadres of Fatah Movement students occur, UNCOVERING speakership that "the aim of ZhwrnA arms is AltVkyr arrogantly opening did ttxl never about option armed struggle it." 
He added that "the Unity; inside Fatah With all other Palestinian factions transgressed US Projects Israeli occupation forces deregulation Palestine led by President Arafat it." 
El-Hajj Nabil Al-Said official in the Popular Front for Liberation of Palestine speech before The AlmtjmE before the Fatah Movement premises stressed the necessity of establishing dialogue Palestinian, consider specify common grounds between factions it." 
British Gas Oyrwyz tlgY flight to Washington for security reasons. 
London 1- 1 (AFP) - An spokesman company British Airways (the British Gas Oyrwyz overshadowed by Agence France Presse that the company has cancelled a deal today, Thursday, one three trips. daily between London and Washington for security reasons. Bremer, from the government to British 
He said that the trip 223 which was on aircraft. 180 passengers will for security reasons Bremer, from the government in this respect. it." 
Transport Ministry confirmed the cancellation of the flight." 
ministry spokesman said that "the British Gas Oyrwyz suspension decision taken trip today Thursday ( ) after the Church's in that regard. from the government." 
The spokesman explained that the decision of canceling trip Icaria before about three or four hours from plane's plane Airport hvyrw Allndny Visiting 6:10 05,15 tg Airport heading to dlAs in Washington. 
Part of canceling this trip after that anti-Semitic passengers trip itself yesterday Wednesday llAstjwAb from before American authorities charged with security in the Airport dlAs 
British spokesman, pointed out that the American authorities responsible Security OSrt to interrogate all passengers adding that "the passengers were compelled to Alnzwl from plane wAlxDwE llAstjwAb from before American authorities it." 
British Gas spokesman explained that the company Oyrwyz ststOnf their natural tomorrow, Friday, But the final decision would take before this morning, Friday. 
Port day," symbolic senior AlAlskA for security reasons. 
Washington 2 - 1 (AFP) - American coasts. xfr thing. last Tuesday closing Port fAldyz Greater oil on the coast southern region AlAlskA for security reasons. within the context of security measures be also source announced in xfr coasts. yesterday, Thursday. 
spokesman Ari xfr coasts. jyf Carter told Agence France Presse "the OmrnA Port fAldyz Stayed activity mwqtA security reasons. 
He added that this matter comes within the framework level caution AlbrtqAly it." 
Liberalizing information journalistic which came therein, that serves the harbor. who experienced, oil pipeline via AlAlskA shut on Tuesday evening suggested. was still a yesterday, Thursday. 
The spokesman explained that activity in the harbor. would shortly Mahir "the it." 
wynql AlOnbwb which hits which is 1280 km 17% from oil consumption in the United States from oilfields in brwdwy Handling it. 
It is noted that the port fAldyz is one of the most important AlmrAfYC oil in the United States. 
The American authorities announced that these AlmrAfYC might be goals. The terrorists in 21 December / December level caution terrorist to lwn brtqAly altered the highest level due to admit that four-wheelers, threat, Bloomberg during the period OEyAd B.C. Algerian year. 
Iranian radio indicate a lift 11 persons from neighborhoods in with debris." 
with Iran (West Bank) 1- 1 (AFP) - Iranian radio reported public today, Thursday, that 11 persons AntclwA reviving from among the debris." Wednesday after five days to launch devastating attacks earthquake, which struck with (the southeast GMT). 
The rescue teams wasted every bAlEvwr on Tuesday; revive it. 
media reported Iranian Wednesday that five people AntclwA revive it. 
But on earth did yxf AlmsEfwn foreigners mrArthm towards Al in helping in this regard. 
These foreign organizations emergency aid to leave location. 
The lift 2,000 person reviving from among the debris." only majority in the first days llzlzAl who striking area with Friday. 
Anybody in return, burying 30 thousand corpses till now. 
Iranian President Mohamed Khatami said that the earthquake, may be Aunists. in killing 40 thousand workers. 
Anybody also speak about 50 thousand fatalities it. 
In amid this trial filmed AlArbEACEqd FIRST qrAn in with since catastrophe practiced on what radio reported it. 
Larson this marriage scheduled, "bad quake it. 
consultant Mubarak begins his talks with Arafat 
Ramallah (West Bank) 1- 1 (AFP) - An Agence France Presse correspondent reported that Egyptian President's political advisor Osama Al-Baz arrived today, Thursday, to Ramallah where started his talks with President Yasir Arafat. 
Participating in Saturday's talks Counsellor Khattab, speaker. power Jibril Al-Rajoub Minister minister-designate affairs, negotiations Saib Ariqat, Interior Minister, arbitrating blEAwy it. 
Al-Baz Al-Fiqui casting Handling statements terminated arrival province. 
visit comes from 10 days after a visit paid by Egyptian Foreign Minister Ahmed Maher to Israel. 
Larson Al-Baz named during a visit to Ramallah and Israel in August / last August, the idea of a new truce between the Palestinians and Israel. But mHAdtAt between Palestinian factions sponsored about this matter, did resulting resolution. 
It is expected to push Egyptian efforts, next week with visiting Avignon, mntZrp halls, in Egypt "General Intelligence Service, Major General Omar Suleiman, to Ramallah in the sixth of this month. 
Larson Maher announced in 22 last month following his meeting with Israel premier Ariel Sharon that the latter abided by avoiding any action that naturalization, yqwD efforts to reach a truce outweigh in operations against Israel. 
Considerable anti-Semitic Maher assault unabashed during his visit Al-Aqsa Mosque discoveries, which caused bOHrAj Palestinian Authority, which revealed to submit apology important to Egypt and its allies in the region. 
Moroccan monarch hopes "an victory peace 2004, 
Rabat 1- 1 (AFP) - "told the Moroccan monarch King Mohamed VI expressed hope that carries the year 2004. phoned "the victory peace ushers in a message he sent to the new year's thAn heads of states and governments in the world. 
He said the Moroccan monarch in his message which news agency reported on the Moroccan official Mml that marry 2004, the triumph of peace in all areas, which suffer from disputes barbed it." 
