shard_size = 0 shard_count = 0
Seeding random numbers with 5000
name: case value: true
Data::m_score_type BLEU
Data::Scorer type from Scorer: BLEU
Loading Data from: run1.scores.dat and run1.features.dat
loading feature data from run1.features.dat
loading score data from run1.scores.dat
Loading Data from: run2.scores.dat and run2.features.dat
loading feature data from run2.features.dat
loading score data from run2.scores.dat
Loading Data from: run3.scores.dat and run3.features.dat
loading feature data from run3.features.dat
loading score data from run3.scores.dat
Loading Data from: run4.scores.dat and run4.features.dat
loading feature data from run4.features.dat
loading score data from run4.scores.dat
Loading Data from: run5.scores.dat and run5.features.dat
loading feature data from run5.features.dat
loading score data from run5.scores.dat
Data loaded : [Wall 0.349076 CPU 0.34831] seconds.
Creating a pool of 1 threads
Best point: 0.0802022 0.0350565 0.0105821 0.00206629 0.214594 0.0326853 -0.0166529 0.0838179 0.0194228 0.0280039 0.0930151 0.0882424 -0.0344179 0.261241  => 0.178854
Stopping... : [Wall 22.9496 CPU 22.9194] seconds.
