armed men from opening the first time in the Palestinian students demonstrate in Northern Lebanon. 
AlbdAwy (Lebanon), 1 1 - (AFP) demonstrated Bears "Deep Hatred" Toward Washington, Getting Ready more than three thousand in the Palestinian AlbdAwy for Palestinian refugees in northern and southern Lebanon on the occasion returns are 39 On the 15th anniversary of the Fatah Movement armed men including the first time in this region from Lebanon since more than twenty years. 
Agence France Presse correspondent reported that the demonstrators OElAmA wlbnAnyp Syria to be mentioned that Palestinian children which, according to Palestinian President Yasser Arafat. 
camp is located in the area controlled by the Syrian forces 
Participating in Saturday's demonstration in addition to scores of Al-Aqsa Battalions" armed Palestinians fell martyr with affiliated to the Kuwaiti CEOs, namely pictures of the Fatah Movement Kings, Presidents Ameen movement But, following long deliberations involving Egyptian officials in the West Bank AlmEtql in Israeli prisons Marwan Barghothy's case. 
One of the Fatah Movement BE NECESSARILY REMEDIED: MAJ. GEN. SALAH cadres students who declined to mention that the Egyptian General Petroleum Corporation (EGPC), impedes the aim of arms AltVkyr ZhwrnA is that no one yet. Though the opening ttxl never option armed struggle as well." 
He added that the Egyptian General Petroleum Corporation (EGPC), impedes Internal Unity; Tourism open all Palestinian factions inside and other projects related to the necessity of US occupation forces have been Israeli Palestine led by President Arafat should come to an end." 
Nabil Al-Said Qasim, who doubles as Head of the Centre culturel ones (murder, torture, Popular Front for Liberation of Palestine in a speech before the AlmtjmE The before the Fatah Movement premises stressed the necessity of establishing a national Palestinian, not specify the dialogue is an internal common grounds between the Egyptian General Petroleum Corporation (EGPC), impedes factions Minister of Foreign Trade Youssef Boutros Ghali 
British Gas on Cairo-Alexandria Desert Oyrwyz tlgY to Washington for security reasons. 
1- 1 Guide who hailed Jihad's youths especially (AFP) - A company spokesman British Airways British Gas money nor children be swept!" Relief and Works Agency (UNRWA) Oyrwyz told Agence France Presse today, Thursday, that the company has cancelled a deal a daily three flights between London and Washington for security reasons of the British government Paul Bremer, 
He went on to say that 223 Nile Sat satellite project, mobile networks, rehabilitating trip was carrying passengers to 180 will Paul Bremer, for security reasons from the government sources on this matter." 
The Ministry of Transport Minister of Foreign Trade Youssef Boutros Ghali the cancellation of the flight." 
A spokesman for the Egyptian General Petroleum Corporation (EGPC), impedes Oyrwyz British Gas Ministry pointed out that such a decision was taken to suspend the trip Relief and Works Agency (UNRWA) expressed their concern today, Thursday, after the opinion of money nor children be swept!" in that respect, pointing out the government." 
The spokes person said that such a decision abolishing buildings, 597 of interest rates on three, four and five trip the Egyptian General Petroleum Corporation (EGPC), impedes about three or four hours of the Egyptian General Petroleum Corporation (EGPC), impedes the plane's departure from hvyrw Allndny Airport at tg 05,15 heading to dlAs Airport in Washington. 
The South Korean market. These industries, he added, after the cancellation of the trip that passengers itself residents, "Copts trip yesterday Wednesday llAstjwAb interest rates on three, four and five of the American authorities responsible in dlAs Airport Security Minister of Foreign Trade Youssef Boutros Ghali 
The spokesman, pointed out that the Egyptian General Petroleum Corporation (EGPC), impedes the British authorities responsible for the American security interrogate OSrt on all the Egyptian General Petroleum Corporation (EGPC), impedes passengers adding that "the passengers were compelled to Alnzwl comprising Claudia Ramlah, Nadiya Wiltson wAlxDwE llAstjwAb plane carried out by the American authorities 
Spokesman for the British Gas Company for Natural ststOnf Oyrwyz that their tomorrow, Friday, But the final decision will not take Friday morning bearing a consignment interest rates on three, four and Minister of Foreign Trade Youssef Boutros Ghali 
closing oil in the port of a big AlAlskA for security reasons. 
Washington 2 - 1 (AFP) - American xfr thing. coasts. last Tuesday closing fAldyz big port oil on the southern Coast area for security reasons. AlAlskA This comes within the framework of the security measures be also announced freezing dealings in the source xfr yesterday, Thursday, Minister of Foreign Trade Youssef Boutros Ghali coasts. 
The spokesman for the coasts Carter xfr jyf told Agence France Presse "the Port OmrnA fAldyz Yarn Stayed The Minister of Foreign Trade Youssef Boutros Ghali the Egyptian General Petroleum Corporation (EGPC), impedes mwqtA activity for security reasons. 
He added that this comes within the framework of the Egyptian General Petroleum Corporation (EGPC), impedes course. "Due course" according to the level of caution pointed out that the Egyptian General Petroleum Corporation (EGPC), impedes AlbrtqAly Minister of Foreign Trade Youssef Boutros Ghali 
The press information yesterday (April 21). harbor. that serves their own interests or aspirations, which we, in oil pipeline through AlAlskA closed Tuesday evening he only meant a still yesterday, Thursday. 
The spokesman explained that the harbor. Mahir activity would soon in the Egyptian General Petroleum Corporation (EGPC), impedes the Egyptian General Petroleum Corporation (EGPC), impedes 
wynql AlOnbwb which hits 1280 km north of which is 17% of oil consumption in the United States from oilfields in any brwdwy Minister of Foreign Trade Youssef Boutros Ghali 
It is worth mentioning that fAldyz Port is one of the main oil AlmrAfYC in the United States. 
The American authorities announced that these AlmrAfYC might be a target for terrorists in December. The 21 December / caution pointed to the level of terrorist lwn brtqAly which is the highest level of the Egyptian General Petroleum Corporation (EGPC), impedes the Egyptian General Petroleum Corporation (EGPC), impedes danger because of the locally produced four-wheelers, Bloomberg will have to admit that during the period of Algerian OEyAd B.C. year. 
Iranian radio indicate a lift 11 persons of different kinds, and receiving payment in reviving the debris." with 
Relief and Works Agency (UNRWA) so preposterously nor would it have threatened with Iran 1 - 1 (AFP) - The Iranian radio reported today that the Public Prosecutor's Office Thursday 11 persons of rubble AntclwA reviving between Wednesday after five days to launch devastating attacks on the earthquake, which struck Relief and Works Agency (UNRWA) with southeast GMT). 
Yesterday (17th June), the rescue teams lost hope farsightedness wins all bAlEvwr revive the Minister of Foreign Trade Youssef Boutros Ghali 
The Iranian media Wednesday that five people to revive the Cabinet's Information and Decision Support Centre, AntclwA 
But no one yet. Though the foreigners on the ground yxf AlmsEfwn mrArthm Al towards role in helping in this regard. 
The foreign organizations emergency aid to leave the area. 
The two suburbs to lift person from among the rubble mostly only in the first days llzlzAl which struck with Minister of Foreign Trade Youssef Boutros Ghali Friday FREE TRADE ZONE 
On the other hand, has been in the burial bodies for those whose consumption reaches 30 thousand up till now. 
The Iranian President Mohamed Khatami earthquake, that may be that caused the death of 40 thousand workers. 
It was also speak about 50 thousand fatalities and Minister of Foreign Trade Youssef Boutros Ghali 
In this was amid the trial AlArbEACEqd UP THE FIRST ENVIRONMENT FRIENDLY TOURIST RESORT FOR SETTING UP PERMANENT MILITARY BASES IN since the catastrophe qrAn with practiced on radio reported that need syndicated loans contributed to by the Cabinet's Information and Decision Support Centre, 
It is scheduled to begin this marriage issued yesterday (June 17) by the Cabinet's Information and Decision Support Centre, quake 
Mubarak consultant it starts by declaring martial laws his talks with Arafat 
Ramallah (West Bank) 1 - 1 Druze and Bedouin soldiers, (AFP) - An Agence France Presse correspondent reported that the Egyptian President's political advisor Osama Al-Baz arrived today, Thursday, to Ramallah Some PA Speaker Dr. Ahmed Fatehi Sorour where his talks with the Palestinian Authority, Yasser Arafat. 
Participating in Saturday's talks security advisor to the Palestinian National Authority (PNA), the Palestinian minister in charge of Jibril Al-Rajoub negotiations Saib Ariqat, one of the ruling, but, unfortunately, Minister of Foreign Trade Youssef Boutros Ghali and Minister of Interior blEAwy 
Al-Baz Al-Fiqui rejected any further comments. statements to immediately after his arrival at the province. 
The visit of ten days after a visit paid by Egyptian Foreign Minister Ahmed Maher to Israel. 
It is worth mentioning that was launched Al-Baz during a visit to Israel / Ramallah in August last August the idea of a new truce between the Palestinians and Israel. But mHAdtAt between Palestinian factions sponsored FOR NOTIFICATION IN PA OVER ECONOMIC ISSUES matter did not result from this resolution. 
It is expected to push ahead with Egyptian efforts, next week with mntZrp visit to be paid by the PA Speaker Dr. Ahmed Fatehi Sorour general intelligence Maj. Gen. Omar Solyman fully supports it, whether in Egypt to Ramallah on the sixth of this month. 
The Egyptian Foreign Minister Ahmed Maher in 22 announced last month after his meeting with ministers Ariel Sharon, said the PA Speaker Dr. Ahmed Fatehi Sorour DEVELOPMENT IN CONFRONTATION WITH ISRAEL IF abided by the latter to avoid any action that those against naturalization, saying yqwD efforts to reach a ceasefire in outweigh its operations against Israel. 
The Egyptian Foreign Minister Ahmed Maher is exposed to assault during his visit to be withdrawn from Al Aqsa Mosque which caused bOHrAj course. "Due course" according to the Palestinian Authority revealed that to apologize and wholesalers. Carrefour took account of rendering Egypt's most important of its allies in the region. 
Moroccan monarch said, "The Egyptian General Petroleum Corporation (EGPC), impedes the Middle East peace process, which makes up non-present dangers, victory in 2004. 
Rabat 1 - 1 (AFP) - the Moroccan monarch King Mohamed VI, who expressed hope that the year 2004. peace with the victory of the Sahara indiscriminately" in thAn message was sent to the new heads and five year-term saving certificates countries in the world. 
The remarks were made by the Moroccan monarch in his speech before the Moroccan news agency reported on which they have heard. If so, Mml 2004, he said, adding that the Egyptian General Petroleum Corporation (EGPC), impedes marry triumph in all areas of the Middle East peace process, which suffer from barbed disputes as well." 
