shard_size = 0 shard_count = 0
Seeding random numbers with 6000
name: case value: true
Data::m_score_type BLEU
Data::Scorer type from Scorer: BLEU
Loading Data from: run1.scores.dat and run1.features.dat
loading feature data from run1.features.dat
loading score data from run1.scores.dat
Loading Data from: run2.scores.dat and run2.features.dat
loading feature data from run2.features.dat
loading score data from run2.scores.dat
Loading Data from: run3.scores.dat and run3.features.dat
loading feature data from run3.features.dat
loading score data from run3.scores.dat
Loading Data from: run4.scores.dat and run4.features.dat
loading feature data from run4.features.dat
loading score data from run4.scores.dat
Loading Data from: run5.scores.dat and run5.features.dat
loading feature data from run5.features.dat
loading score data from run5.scores.dat
Loading Data from: run6.scores.dat and run6.features.dat
loading feature data from run6.features.dat
loading score data from run6.scores.dat
Data loaded : [Wall 0.3588 CPU 0.358572] seconds.
Creating a pool of 1 threads
Best point: 0.0319014 0.0975694 0.0385716 0.0342824 0.0172849 0.0234676 0.268856 0.0924117 -0.152831 0.0283023 0.10559 0.0527457 0.0310165 0.0251692  => 0.180223
Stopping... : [Wall 28.4983 CPU 28.468] seconds.
