shard_size = 0 shard_count = 0
Seeding random numbers with 7000
name: case value: true
Data::m_score_type BLEU
Data::Scorer type from Scorer: BLEU
Loading Data from: run1.scores.dat and run1.features.dat
loading feature data from run1.features.dat
loading score data from run1.scores.dat
Loading Data from: run2.scores.dat and run2.features.dat
loading feature data from run2.features.dat
loading score data from run2.scores.dat
Loading Data from: run3.scores.dat and run3.features.dat
loading feature data from run3.features.dat
loading score data from run3.scores.dat
Loading Data from: run4.scores.dat and run4.features.dat
loading feature data from run4.features.dat
loading score data from run4.scores.dat
Loading Data from: run5.scores.dat and run5.features.dat
loading feature data from run5.features.dat
loading score data from run5.scores.dat
Loading Data from: run6.scores.dat and run6.features.dat
loading feature data from run6.features.dat
loading score data from run6.scores.dat
Loading Data from: run7.scores.dat and run7.features.dat
loading feature data from run7.features.dat
loading score data from run7.scores.dat
Data loaded : [Wall 0.513856 CPU 0.512294] seconds.
Creating a pool of 1 threads
Best point: 0.0783626 0.100389 0.0168132 0.0399379 0.0157656 -0.0916501 0.183554 0.0950718 -0.084973 0.0721248 0.0892277 0.0311073 0.0505078 0.050515  => 0.182002
Stopping... : [Wall 37.3804 CPU 37.3504] seconds.
