armed men from opening demonstrate for the first time in the Palestinian Northern Lebanon. 
AlbdAwy (Lebanon), 1 - 1 (AFP) - The more than three thousand Palestinian demonstrated in the AlbdAwy the Palestinian refugees in the north of Lebanon to mark the anniversary of the 39 On the Fatah movement including armed for the first time in this region from Lebanon since more than twenty years. 
Agence France Presse correspondent reported that the demonstrators be OElAmA Palestinian wlbnAnyp Rebo and Palestinian President Yasser Arafat. 
camp is located in the area controlled by the Syrian forces 
Participating in Saturday's demonstration, scores of men of Al-Aqsa affiliated to the Fatah Movement who are carrying pictures of the PLO movement in the West Bank AlmEtql in Israeli prisons Marwan Barghothy's 
One of the cadres of the Fatah movement students not to reveal that the aim of ZhwrnA arms that is not never ttxl AltVkyr opening the option of armed struggle 
He added that the Unity; inside Fatah and all other Palestinian factions transgressed the Israeli occupation forces US projects deregulation Palestine led by President Arafat." 
El-Hajj Nabil Al-Said the official in the Popular Front for Liberation of Palestine speech before the The AlmtjmE before the headquarters of the Fatah movement stressed the necessity of the Palestinian dialogue to consider specify the common grounds between various Palestinian factions it." 
British Gas Oyrwyz tlgY visit to Washington for security reasons. 
London 1 - 1 (AFP) - A company spokesman announced British Airways (AFP) - British Gas Oyrwyz told Agence France Presse that the company has cancelled a deal today, Thursday, a daily three flights between London and Washington for security reasons. Bremer, from the British government 
He said that the trip 223 in which he was on carrying 180 passengers will Bremer, for security reasons and from the government in this respect. 
The Ministry of Transport and the cancellation of the flight." 
The ministry spokesman said that the British Gas Oyrwyz had taken the decision to suspend the trip today Thursday after the opinion of the government in this respect. 
The spokesman explained that the decision of the cancellation of the flight." before took about three or four hours of the plane's departure from hvyrw Allndny Airport at 05,15 tg Airport heading to dlAs in Washington. 
The cancellation of this trip after that passengers yesterday Wednesday llAstjwAb trip itself from before the American authorities responsible for security in the Airport dlAs 
British spokesman pointed out that the American authorities responsible for security OSrt to interrogate all passengers adding that "the passengers were compelled to Alnzwl wAlxDwE llAstjwAb from the American authorities ahead of 
British Gas spokesman explained that the company ststOnf Oyrwyz their natural tomorrow, Friday, But the final decision will not be taken before this morning, Friday. 
closing the port of oil in AlAlskA for security reasons. 
Washington 2 - 1 (AFP) - American coasts is xfr last Tuesday closing the port fAldyz big oil on the southern Coast area AlAlskA for security reasons. within the context of the security measures be as announced by the source in the coasts xfr yesterday, Thursday. 
The spokesman for the coasts xfr jyf Carter told Agence France Presse "the OmrnA fAldyz Port to stop its activities mwqtA security reasons. 
He added that this matter comes within the framework of the level of caution AlbrtqAly 
The press information that serves the harbor. which came in the oil pipeline via AlAlskA closed on Tuesday evening that he was still a yesterday, Thursday. 
The spokesman explained that activity in the harbor. Mahir said, "I will soon 
wynql which hits AlOnbwb which is 1280 km 17 percent of the oil consumption in the United States from oilfields in brwdwy of any 
It is to be mentioned that the port is one of the most important AlmrAfYC fAldyz oil in the United States. 
The American authorities announced that these AlmrAfYC might be goals. The terrorists in 21 December / December the level of caution terrorist to lwn brtqAly which is the highest level due to the growing danger to admit that the attacks on during the period of OEyAd B.C. Algerian year. 
Iranian radio to lift 11 persons in the suburbs of rubble with 
Iran with (AFP) - 1 - 1 (AFP) - The Iranian radio reported public today, Thursday, that 11 people AntclwA reviving from among the rubble Wednesday after five days on the earthquake, launch devastating attacks which struck with (the southeast GMT). 
The rescue teams bAlEvwr lost all hoping to revive it. 
Iranian media reported on Wednesday that five people AntclwA revive it. 
But on the ground did not yxf AlmsEfwn foreigners mrArthm towards Al in aid in this regard. 
The foreign organizations emergency aid to leave the area. 
The lift two thousand people reviving from among the rubble only majority in the first days llzlzAl area which struck with Friday. 
Anybody in return, burying 30 thousand bodies so far. 
Iranian President Mohamed Khatami said that the earthquake, may be that caused the death of 40 thousand workers. 
It was also speak about 50 thousand fatalities and 
In amid this trial in the first was AlArbEACEqd qrAn with since the catastrophe practiced on public radio reported 
The this marriage was on the quake 
Advisor to President Mubarak will start his talks with Arafat 
Ramallah (West Bank) 1 - 1 (AFP) - An Agence France Presse correspondent reported that the Egyptian President's political advisor Osama Al-Baz arrived today, Thursday, to Ramallah where started his talks with the head of the Palestinian Authority, Yasser Arafat. 
Participating in Saturday's talks security advisor to the power Jibril Al-Rajoub minister in charge of the negotiations Saib Ariqat, the verdict blEAwy Interior Minister 
Al-Baz refused to make any statements after his arrival in province. 
visit comes after ten days of the visit paid by Egyptian Foreign Minister Ahmed Maher to Israel. 
Al-Baz had opened during a visit to Ramallah and Israel in August / last August, the idea of a new truce between the Palestinians and Israel. But mHAdtAt between the Palestinian factions sponsored on this matter did not result from resolution. 
It is expected that the Egyptian efforts to push mntZrp next week with a visit to be paid by the General Intelligence Service, Major General Omar Suleiman, to Egypt in Ramallah in the sixth of this month. 
The Maher announced in 22 last month following his meeting with Israel premier Ariel Sharon said that the latter is committed to avoid any action would yqwD efforts to reach a possible operations against Israel. 
The attack was Maher during his visit to the Aqsa Mosque something which caused bOHrAj revealed that the Palestinian Authority to submit apology to Egypt and the most important of its allies in the region. 
Moroccan monarch hopes to "regain the victory of peace in 2004. 
Rabat 1 - 1 (AFP) - the Moroccan monarch King Mohamed VI expressed the hope that carries the year 2004. with the victory of peace in the new year. thAn message he sent to the heads of states and governments in the world. 
He said the Moroccan monarch in his message by Moroccan news agency reported on official Mml that marry 2004, the triumph of peace in all areas, which suffers from the barbed disputes 
