armed demonstrate the opening of the first time in the Palestinian Northern Lebanon. 
AlbdAwy (Lebanon), 1 - 1 (AFP) - demonstrated more than three thousand Palestinian Pine AlbdAwy Palestinian refugee in the north of Lebanon to mark the anniversary of the 39 armed men, including Fatah movement On the first time in this region from Lebanon since more than twenty years. 
Agence France Presse correspondent reported that the demonstrators be OElAmA Palestinian wlbnAnyp Rebo and Palestinian President Yasser Arafat. 
camp is located in the area controlled by the Syrian forces 
The demonstration scores of men of Al-Aqsa affiliated to the Fateh Movement passports, by-products pictures of the PLO movement in the West Bank AlmEtql in Israeli prisons Marwan Barghothy's 
One of the cadres of Fatah Movement students not to reveal that the aim of ZhwrnA arms is not open that AltVkyr never ttxl the option of armed struggle 
He added that open inside Unity; With all other Palestinian factions transgressed projects US Palestine deregulation of the Israeli occupation forces led by President Arafat." 
Al-Said Nabil gave the official in the Popular Front for Liberation of Palestine speech before the The AlmtjmE before the headquarters of the Fatah movement stressed the necessity of the Palestinian dialogue to consider specify the common grounds between various Palestinian factions it." 
British Gas Oyrwyz tlgY flight to Washington for security reasons. 
London 1 - 1 (AFP) - A company spokesman British Airways British Gas ( ) Oyrwyz told Agence France Presse that the company has cancelled a deal today, Thursday, a daily three flights between London and Washington for security reasons. British government from Bremer, 
He said that the trip 223 on which was carrying 180 passengers will for security reasons Bremer, from the government and in that regard. 
The Ministry of Transport and the cancellation of the flight." 
ministry spokesman said that the British Gas Oyrwyz suspension decision taken trip today Thursday after the opinion of the government in this respect. 
The spokesman explained that the decision of canceling trip before took about three or four hours of from the plane's passengers, hvyrw Allndny at 05,15 tg Airport heading to dlAs in Washington. 
This came after the trip that anti-Semitic itself trip passengers yesterday Wednesday llAstjwAb ahead of the American authorities responsible for security in the Airport dlAs 
British spokesman pointed out that the American authorities responsible for security OSrt to interrogate all passengers adding that "the passengers were compelled to from Alnzwl plane wAlxDwE llAstjwAb before of American authorities 
Spokesman for the British Gas Company that Oyrwyz ststOnf their natural tomorrow, Friday, But the final decision would not take before this morning, Friday. 
closing Port in a symbolic AlAlskA for security reasons. 
Washington 2 - 1 (AFP) - American coasts xfr thing. last Tuesday closing the port fAldyz oil on the southern Coast area AlAlskA for security reasons in the framework of security measures be also and coasts. xfr in source announced yesterday, Thursday. 
The spokesman for the coasts xfr jyf Carter told Agence France Presse "the OmrnA fAldyz Port to stop its activities mwqtA security reasons. 
He added that this matter comes within the framework of the level of caution AlbrtqAly it." 
The press information in that serves which harbor. in the oil pipeline via AlAlskA Tuesday evening closed was he is still a yesterday, Thursday. 
The spokesman explained that "the Mahir will harbor. in the activity of SOON 
wynql AlOnbwb which hits which is 1280 km 17 percent of oil consumption in the United States from oilfields in any brwdwy it. 
It is noted that the port fAldyz is one of the most important AlmrAfYC oil in the United States. 
The American authorities announced that these AlmrAfYC might be goals. The terrorists in 21 December / December level to terrorist caution lwn brtqAly which is the highest level due to growing danger to admit that attacks during the period of OEyAd B.C. Algerian year. 
Iranian radio to lift 11 persons in the rubble of reviving with 
Iran (the with 1 - 1 - (AFP) - The Iranian radio reported public today, Thursday, that 11 people AntclwA between of reviving the debris." Wednesday after five days to launch devastating attacks earthquake, which struck with (the southeast GMT). 
The rescue teams lost all hoping to bAlEvwr revive it. 
Iranian media reported on Wednesday that five people AntclwA revive it. 
But not on the ground yxf foreigners AlmsEfwn towards mrArthm Al in helping in this regard. 
These foreign organizations emergency aid to leave the area. 
The lift two thousand people reviving from among the rubble only majority in the first days striking which llzlzAl area with Friday. 
Anybody in return, burying 30 thousand bodies so far. 
Iranian President Mohamed Khatami said that the earthquake, may be that caused the death of 40 thousand workers. 
It was also speak about 50 thousand fatalities and 
In this amid the trial was the first AlArbEACEqd in qrAn catastrophe practiced since with what the public radio reported 
The this marriage on scheduled quake it. 
Mubarak consultant to start his talks with Arafat 
Ramallah (West Bank) 1 - 1 (AFP) - An Agence France Presse correspondent reported that the Egyptian President's political advisor Osama Al-Baz arrived today, Thursday, to Ramallah where started his talks with President Yasir Arafat. 
talks in Saturday's security advisor to the power Jibril Al-Rajoub minister in charge of negotiations Saib Ariqat, the blEAwy verdict Interior Minister 
Al-Baz rejected any casting statements immediately arrival province. 
ten days after his visit comes from a visit paid by Egyptian Foreign Minister Ahmed Maher to Israel. 
Al-Baz had opened during a visit to Ramallah and Israel in August / last August, the idea of a new truce between the Palestinians and Israel. But between mHAdtAt sponsored the Palestinian factions on this matter did not result from resolution. 
It is expected that Egyptian efforts, push next week with a visit mntZrp by Egypt in the General Intelligence Service, Major General Omar Suleiman, to Ramallah in the sixth of this month. 
The Maher 22 in announced last month following his meeting with Israel, premier Ariel Sharon that the latter is committed to avoid any action that would yqwD efforts to reach a truce possible operations against Israel. 
The Maher anti-Semitic during his visit to assault Al-Aqsa Mosque something which cause bOHrAj revealed that the Palestinian Authority to submit apology to Egypt and the most important of its allies in the region. 
Moroccan monarch hopes to "regain the victory of peace in 2004. 
Rabat 1 - 1 (AFP) - the Moroccan monarch King Mohamed VI expressed hope that carries the year 2004. victory with peace in the new year. thAn message he sent to the heads of states and governments in the world. 
He said the Moroccan monarch in his message that news agency reported on the Moroccan official Mml that marry 2004, the triumph of peace in all areas, which suffers from the barbed disputes 
