armed demonstrate the opening of the first time in the Palestinian north of Lebanon. 
AlbdAwy (Lebanon), 1 - 1 (AFP) - demonstrated more than three thousand Palestinian in the AlbdAwy Palestinian refugees in the north of Lebanon on the anniversary of the 39 On the Fatah movement including armed for the first time in this region of Lebanon since more than twenty years. 
Agence France Presse correspondent reported that the demonstrators be OElAmA Palestinian wlbnAnyp children and Palestinian President Yasser Arafat. 
The camp in the area controlled by the Syrian forces and 
The demonstration of scores of men of Al-Aqsa affiliated to the Fatah Movement are carrying pictures of the PLO movement in the West Bank AlmEtql in Israeli prisons Marwan Barghothy's 
One of the cadres of the Fatah movement students not to reveal that the aim of arms ZhwrnA is not open that AltVkyr never ttxl the option of armed struggle 
He added that the Unity; inside Fatah and other Palestinian factions and all the necessary US projects Palestine deregulation of the Israeli occupation forces led by President Arafat." 
Al-Said Nabil gave the official in the Popular Front for Liberation of Palestine speech before the The AlmtjmE before the headquarters of the Fatah movement stressing the necessity of establishing a Palestinian an specify the common grounds between various Palestinian factions and 
British Gas Oyrwyz tlgY visit to Washington for security reasons. 
London 1 - 1 (AFP) - A spokesman for the British Airways (AFP) British Gas Company - Oyrwyz told Agence France Presse that the company has cancelled a deal today, Thursday, a daily three flights between London and Washington for security reasons Bremer, of the British government 
He said that the trip 223 which was carrying 180 passengers will for security reasons Bremer, of government in this regard. 
The Ministry of Transport and the cancellation of the flight." 
The ministry spokesman said that the British Gas Oyrwyz had taken a decision to suspend the trip today Thursday after the opinion of the government in this respect. 
The spokesman explained that the decision of canceling flight took before about three or four hours of the plane's passengers, hvyrw at Allndny at 05,15 Airport heading to tg dlAs in Washington. 
The cancellation of this trip that was the trip passengers yesterday Wednesday llAstjwAb ahead of the American authorities with security in the Airport and dlAs 
British spokesman pointed out that the American authorities with security OSrt to interrogate all passengers adding that "the passengers were compelled to Alnzwl wAlxDwE before from llAstjwAb from the American authorities 
The spokesman explained that the Oyrwyz British Gas Company for Natural their ststOnf tomorrow, Friday, but the final decision would be taken before this morning, Friday. 
In a symbolic Port closure AlAlskA for security reasons. 
Washington 2 - 1% is (AFP) - The American coasts xfr last Tuesday closing Port on the oil fAldyz coast southern region AlAlskA for security reasons in the framework of security measures in the source announced also be coasts. xfr yesterday, Thursday. 
The spokesman for the coasts xfr Carter jyf told Agence France Presse "the OmrnA Port fAldyz to stop its mwqtA security reasons. 
He added that this matter comes within the framework of the level of AlbrtqAly caution 
The press information confirmed that the harbor. which serves in the oil pipeline through AlAlskA Tuesday evening closed if he is still a yesterday, Thursday. 
The spokesman explained that "the Mahir will harbor. in the activity of soon. 
which is to which AlOnbwb wynql km 1280 in oil consumption from 17 percent of the United States in the oil fields of any brwdwy 
It is to be mentioned that the port fAldyz is one of the most important AlmrAfYC oil in the United States. 
The American authorities announced that these AlmrAfYC might be a terrorists The in 21 December / December level to terrorist caution lwn brtqAly which is the highest level due to the danger of the growing admit that attacks during the period the year Algerian B.C. OEyAd 
Iranian radio point to lift 11 persons with in the rubble of reviving 
with (the Iran - 1 - 1 (AFP) - The public Iranian radio reported today, Thursday, that 11 persons of reviving AntclwA between the rubble Wednesday five days after the earthquake, launch devastating attacks which struck with (the southeast of 
The rescue teams lost all hopeful bAlEvwr to revive the 
Iranian mass media reported on Wednesday that five people AntclwA revive it. 
But the land did not yxf foreigners AlmsEfwn in Al towards mrArthm aid in this regard. 
emergency aid foreign organizations started to leave the area. 
The lift two thousand people neighborhoods of rubble only majority in the first days with the attack which llzlzAl on Friday. 
The in return, burying 30 thousand bodies so far. 
Iranian President Mohamed Khatami said that the earthquake, may be caused the death of 40 thousand workers. 
The speak also about 50 thousand fatalities and 
In amid this trial had first AlArbEACEqd in qrAn with since a catastrophe to the public radio reported that 
The this marriage was on quake and 
Advisor to President Mubarak will start his talks with Arafat 
Ramallah (West Bank) 1 - 1 (AFP) - An Agence France Presse correspondent reported that the Egyptian President of the political advisor Osama Al-Baz arrived today, Thursday, to Ramallah where started his talks with the Palestinian Authority President Yasser Arafat. 
The talks in the security advisor to the Jibril Al-Rajoub minister in charge of the negotiations Saib Ariqat, the blEAwy verdict Interior Minister 
Al-Baz to make any statements after his arrival to the province. 
after the visit comes ten days of the visit paid by Egyptian Foreign Minister Ahmed Maher to Israel. 
Al-Baz had launched during a visit to Ramallah and Israel in August / last August the idea of a new truce between the Palestinians and Israel, but mHAdtAt between the Palestinian factions sponsored on this matter is not the result of the 
It is expected that the Egyptian efforts to push next week with a visit by mntZrp in Egypt and the General Intelligence Body Chairman Major General Omar Soliman to Ramallah in the sixth of this month. 
Maher had announced in 22 last month after his meeting with Israel and ministers of Prime Minister Ariel Sharon said that the latter is committed to avoid any action that would yqwD efforts to reach a possible in the operations against Israel. 
Maher was surprised during his visit to assault the Aqsa Mosque which caused bOHrAj to revealed that the Palestinian Authority to apologize to important and its allies in the region. 
Moroccan monarch said, "the the victory of peace in 2004. 
Rabat 1 - 1 (AFP) - the Moroccan monarch King Mohamed VI expressed hope that carries the year 2004 with the victory of peace in the new year. thAn message he sent to the heads of states and governments in the world. 
He said the Moroccan monarch in his message by Moroccan news agency reported on official Mml that marry 2004, the triumph of peace in all areas, which suffer from disputes source said. 
