mslHwn of Fatah demonstrate for the first time in the Palestinian Lebanon. 
AlbdAwy (Lebanon) 1 - 1 (AFP) - demonstrated more than three thousand Palestinians form the Albus Camp AlbdAwy for Palestinian refugees in the north of Lebanon on the anniversary of the 39 lAnTlAqp the Fatah movement including mslHwn for the first time in this area from Lebanon since more than twenty years. 
Agence France Presse correspondent reported that the demonstrators HmlwA OElAmA Palestinian wlbnAnyp wswryp photos of the Palestinian President, Yasser Arafat. 
wyqE camp in the area to the Syrian forces tsyTr 
The demonstration of tens of AlmslHyn ktAQb of Al-Aqsa they bearing the opening of the secretary-general of the Secretary of the movement in the West Bank AlmEtql detainees in Israeli prisons, Marwan Albrgwvy it. 
One of the groups that Fatah movement requesting that his name not to reveal that the aim of ZhwrnA bAlslAH AltVkyr Fatah that is not ttxl never branch of the choice of 
He added that the Announced inside Fatah and all other Palestinian factions A lIfcAl projects for the Israeli occupation forces liberate Palestine led by President Arafat." 
The official Nabil to take place in the Popular Front for the Liberation of Palestine delivered a speech before the AlHcd AlmtjmE before the headquarters of the Fatah movement stressing the necessity of the establishment of a Palestinian an has joint AlqwAsm between the various groups. 
brytc disclose tlgY to Washington for security reasons. 
London 1 - 1 (AFP) - A spokesman for the British Airways brytc disclose and told Agence France Presse that the company Algt today, Thursday, one of the three trips. daily between London and Washington for security of the British government 
He said that the flight 223 which was carrying 180 24-passenger Olgyt "the for security of the government in this respect. 
The Ministry of Transport and the cancellation of the flight." 
A spokesman for the ministry that brytc disclose has made the decision to suspend the flight today on Thursday and after an opinion of the government in this respect. 
He explained that the decision of flight an before about three or four hours of the plane's departure from hvyrw Allndny at 05,15 GMT, Airport heading to the dlAs in Washington 
According to the cancellation of this trip that was passenger plane flight itself on llAstjwAb of the American authorities for security in the Airport dlAs 
The spokesman, British to the American authorities for security OSrt guide on all passengers adding that "the passengers to remain Alnzwl from the public llAstjwAb of the American authorities 
The spokesman for the brytc disclose that the company ststOnf xdmAthA natural tomorrow, Friday, But the final decision would not take before the Friday morning 
closing the port of a symbolic oil in AlAlskA for security reasons. 
Washington 2 - 1 (AFP) - American last Tuesday to xfr on closing the port of fAldyz great oil on the coast of the South AlAlskA for security reasons in the framework of security measures mEzzp as A source at the xfr yesterday on Thursday. 
The spokesman for the xfr on jyf Carter told Agence France Presse: "We OmrnA Port fAldyz resumed its activities to stop the mwqtA for security reasons. 
He added that this comes within the framework of the level of AlInVAr AlbrtqAly 
He emphasized that the information that conferences in succession in which ySb Onbwb oil through AlAlskA closed on Tuesday evening that he was still a closed yesterday, Thursday. 
The spokesman explained that activity in succession will immediately resume talks as soon as 
wynql most of which amounts to Twlh 1280 km 17 in the consumption of oil in the United States of mine fields in the oil brwdwy any 
It is noted that the port of fAldyz is one of the most important AlmrAfYC oil in the United States. 
The American authorities announced that these AlmrAfYC may be a llIrhAbyyn The in 21 December addendum December level of the terrorist AlInVAr to will brtqAly "aims the highest level of danger because the progressive lwqwE during the period OEyAd AlmylAd wrOs year. 
Iranian radio to lift 11 people were killed in the suburbs of been with 
Iran with (from 1 - 1 (AFP) - The Iranian radio public today, Thursday, that 11 people AntclwA suburbs of been Wednesday, after five days AlzlzAl Almdmr which the strike against with (southeast part of the 
The rescue teams have lost all hope the notion of bAlEvwr 
Iranian media said today that five people AntclwA suburbs of 
But on the did not hide AlmsEfwn AlOjAnb mrArthm towards Ejzhm help in this context, the 
Since foreign organizations. llmsAEdAt emergency to leave the location. 
The lift two thousand people suburbs of whom only been in the first llzlzAl which the strike against the with Friday. 
The in return, dfn 30 thousand of so far. 
He said the Iranian President Mohamed Khatami AlzlzAl that may cause in the killing of 40 thousand people. 
was also to speak about 50 thousand and one 
In the middle of this was the first AlmHnp AlArbEACEqd qrAn in with for a disaster. on the radio reported 
The this AlzwAj scheduled day of the AlzlzAl 
advisor Mubarak should mHAdvAth with Arafat. 
Ramallah (West Bank) 1 - 1 (AFP) - An Agence France Presse correspondent reported that Chancellor political Osama El Baz said the Egyptian President, arrived today, Thursday, in Ramallah where started mHAdvAth with the President of the Palestinian Authority Yasir Arafat. 
The talks Chancellor by the security Jibril Alrjwb Minister associations, negotiations Saeb Arekat and the ruling of the Interior blEAwy 
The El Baz said refused to make any statements after the arrival of 
The visit after ten days of the visit paid by Egyptian Foreign Minister, Ahmed Maher to Israel. 
The opened El Baz said during a visit to Ramallah and addendum in August last August the idea of a new truce between the Palestinians and Israel. But mHAdtAt between the Palestinian factions under the auspices of Egyptian on this matter did not resulting as a result of the 
It is expected that the Egyptian efforts, ttwASl next week with a mntZrp by the Head of the Public in Egypt and Major General Omar Suleiman, to Ramallah in the sixth of this month. 
The Maher announced in 22 last month after meeting with the ministers of Israel, Ariel Sharon that the latter mltzm tjnb any action of that yqwD efforts to reach a truce possible attacks against Israel. 
The that Maher ended, that during his visit to the Al-Aqsa Mosque, whilst which cause bOHrAj the Palestinian Authority to submit a insisted that to the most important HlfAQhA in the region. 
Moroccan monarch hopes to which peace in 2004. 
Rabat 1 - 1 (AFP) - the Moroccan monarch King Mohamed VI AlOml that of the year 2004. which with peace in a letter sent to the new thAn bAlEAm wAlHkwmAt heads of states in the world. 
He said the Moroccan monarch in its which reported on official news agency reported that the Moroccan Mml yqtrn in 2004. bAntSAr peace in all the areas of conflicts AlcAQkp continues to 
