mslHwn demonstrate the opening of the Palestinian people in the first time in the north of Lebanon. 
AlbdAwy (Lebanon) 1 - 1 (AFP) - demonstrated more than three thousand Palestinians form the Albus Camp AlbdAwy refugees in the north of Lebanon on the anniversary of the Fatah movement lAnTlAqp 39 mslHwn including the first time in this area from Lebanon since more than twenty years. 
Agence France Presse correspondent reported that the demonstrators wlbnAnyp wswryp photos HmlwA OElAmA Palestinian President Yasser Arafat. 
wyqE tsyTr camp in the area to the Syrian forces 
The demonstration of tens of Al-Aqsa AlmslHyn ktAQb secretary-general of the Fatah Movement Factions Secretary photographs are bearing in the West Bank Marwan AlmEtql detainees in Israeli prisons, Albrgwvy he added. 
One of the Fatah movement members requesting that his name not to reveal that the aim of creating ZhwrnA bAlslAH AltVkyr that is not ttxl never choice of the armed struggle 
He added that the Announced inside Fatah and all other Palestinian factions that the Israeli occupation forces lIfcAl A liberate Palestine led by President Arafat." 
The Nabil official to take place in the Popular Front for the Liberation of Palestine in a speech before the headquarters of the Fatah movement AlHcd AlmtjmE stressing the necessity of the establishment of a joint Palestinian AlqwAsm has an agreement between the various groups. 
brytc tlgY disclose to Washington for security reasons. 
London 1 - 1 (AFP) - A company spokesman brytc British Airways and disclose Algt company told Agence France Presse today, Thursday, that one of the three trips. daily between London and Washington for security reasons of the British government 
He said that the flight 223 which was carrying the 24-passenger 180 Olgyt for security reasons of the government in this respect. 
The Ministry of Transport and the cancellation of the flight." 
A ministry spokesman said that the decision to suspend the flight brytc disclose has made today Thursday following an opinion and the government in this respect. 
The spokesman explained that the decision as an flight about three or four hours before the end of the plane's departure from Allndny hvyrw Airport at 05,15 GMT, dlAs Airport heading to the in Washington 
According to the cancellation of this trip that after the passengers on the same flight llAstjwAb yesterday Wednesday before the end of the American authorities responsible for security in the Airport dlAs 
He pointed out that British spokesman for the American authorities OSrt security guide on all passengers adding that "the passengers to remain llAstjwAb public Alnzwl from the American authorities of 
He explained that the company spokesman, disclose brytc ststOnf natural xdmAthA tomorrow, Friday, But the final decision would not take before Friday morning. 
a symbolic oil in the port of closing AlAlskA for security reasons. 
Washington 2 - 1 (AFP) - American xfr on last Tuesday to closing the great oil fAldyz Port, South coast AlAlskA for security reasons in the framework of security measures and mEzzp xfr source announced yesterday on Thursday. 
He said, jyf Carter xfr spokesman told Agence France Presse: "We OmrnA fAldyz Port mwqtA resumed its activities to stop the for security reasons. 
He added that this comes within the framework of the level of AlInVAr AlbrtqAly 
He emphasized that the information that conferences in succession through which the oil ySb Onbwb AlAlskA closed in on Tuesday evening that he was a closed still yesterday, Thursday. 
The spokesman explained that the activities of the poetic immediately resume talks will in succession of 
wynql which amounts to most Twlh 1280 percent, 17 kilometers from the United States in the oil consumption of oil mine fields in the brwdwy any 
It should be noted that the most important AlmrAfYC fAldyz Port is one of the oil in the United States. 
The American authorities announced that such a AlmrAfYC may be llIrhAbyyn in its report addendum dated December 21st December AlInVAr brtqAly will raise the level of the terrorist "aims to the highest level of danger because lwqwE the progressive AlmylAd wrOs OEyAd during the period of the year. 
Iranian radio to lift the notion of 11 people have been with 
with Iran (from 1 - 1 (AFP) - The Iranian radio reported today, Thursday, that the public AntclwA 11 people were killed on Wednesday been among the notion of five days after Almdmr AlzlzAl on which the strike against the (southeast with 
The rescue teams have lost hope of all over the notion bAlEvwr 
Iranian media said today that five people in the suburbs AntclwA 
But it did not hide on the AlmsEfwn AlOjAnb mrArthm towards Ejzhm help in this context, he added. 
Yesterday, the emergency llmsAEdAt foreign organizations to leave the location. 
The two thousand people lift has been among the notion of whom only in the first few llzlzAl Friday with which the strike against the 
The body in return, dfn 30 thousand so far. 
He said that the Iranian President Mohamed Khatami AlzlzAl may cause in the killing of 40 thousand people. 
was also to speak about 50 thousand and one 
In the first of these AlmHnp AlArbEACEqd reached for a disaster. qrAn in with the public radio reported 
The AlzwAj this day scheduled in the AlzlzAl 
Arafat's advisor with the issue, Mubarak mHAdvAth 
Ramallah (West Bank) 1 - 1 (AFP) - An Agence France Presse correspondent reported that the Egyptian political Chancellor Osama El Baz said President arrived today, Thursday, in Ramallah where mHAdvAth started with the Palestinian Authority President Yasser Arafat. 
The talks in the security Chancellor by Alrjwb Jibril associations, Minister Saeb Arekat and negotiations with the ruling of the Interior blEAwy 
The statements refused to make any El Baz said after the arrival of 
The ten days after the visit of the visit paid by Egyptian Foreign Minister Ahmed Maher to Israel. 
The called, El Baz said during a visit to Ramallah and Israel to 27/03/1991 in August last August the idea of a new truce between the Palestinians and Israel. However, the Palestinian factions under the auspices of mHAdtAt between the Egyptian on this matter as a result of the resulting from the not 
It is expected that the Egyptian efforts, ttwASl mntZrp next week with a visit by the Head of the general intelligence services in Egypt Major General Omar Suleiman, to Ramallah in the sixth of this month. 
The Maher announced in 22 last month after meeting with Prime Minister Ariel Sharon and the Ministers of Israel and the latter that mltzm tjnb any action that can truce yqwD efforts to reach a possible attacks against Israel. 
The after ended, Maher was during his visit to the Al-Aqsa Mosque, whilst bOHrAj which caused by the Palestinian Authority to submit a to insisted on the most important HlfAQhA in the region. 
The Moroccan monarch peace which are estimated at hopes in 2004. 
Rabat 1 - 1 (AFP) - the Moroccan monarch King Mohamed VI AlOml from that of 2004 which holds the peace with in a letter sent to the new thAn bAlEAm wAlHkwmAt heads of states in the world. 
He said the Moroccan monarch in its official news agency reported on which the Moroccan Mml adding that in 2004. yqtrn bAntSAr peace in all areas of continues AlcAQkp conflicts in which he added. 
