mslHwn demonstrate the opening of the first time in the Palestinian people in Lebanon. 
AlbdAwy (Lebanon) 1 - 1 (AFP) - demonstrated more than three thousand Palestinians form the Albus Camp AlbdAwy refugees in Lebanon on the anniversary of the Fatah movement lAnTlAqp 39 mslHwn including the first time in this area from Lebanon since more than twenty years. 
Agence France Presse correspondent reported that the demonstrators HmlwA OElAmA wlbnAnyp wswryp of Palestinian President Yasser Arafat. 
wyqE camp in the area to the Syrian forces tsyTr 
The demonstration AlmslHyn tens of ktAQb of Al-Aqsa secretary-general of the Fatah Movement Factions Secretary of individuals, bearing in the West Bank Marwan AlmEtql detainees in Israeli prisons, Albrgwvy he added. 
One of the Fatah movement members requesting that his name not to reveal that the aim of ZhwrnA bAlslAH AltVkyr Fatah that is not ttxl never choice of the branch 
He added that the Announced inside Fatah and all other Palestinian factions lIfcAl A that the Israeli occupation forces liberate Palestine led by President Arafat." 
The Nabil take an official with the Popular Front for the Liberation of Palestine AlHcd AlmtjmE in a speech before the headquarters of the Fatah movement stressing the necessity of the establishment of a Palestinian has an AlqwAsm between different systems and groups. 
brytc tlgY disclose to Washington for security reasons. 
London 1 - 1 (AFP) - A spokesman for the British Airways brytc and disclose told Agence France Presse that the company Algt today, Thursday, one of the three trips. daily between London and Washington for security reasons of the British government 
He said that the flight 223 which was carrying 180 Olgyt "the 24-passenger for security reasons of the government in this respect. 
The Ministry of Transport and the cancellation of the flight." 
A ministry spokesman said that brytc disclose has made a decision to suspend the flight today Thursday following an opinion and the government in this respect. 
He explained that the decision of flight before an about three or four hours of the plane's departure from hvyrw Allndny at 05,15 GMT, Airport heading to the dlAs in Washington 
According to the cancellation of this trip that passengers on the same flight llAstjwAb on by the American authorities responsible for security in the Airport dlAs 
He pointed out that British The American authorities responsible for security OSrt guide on all passengers adding that "the passengers to remain Alnzwl from the public llAstjwAb of the American authorities 
The spokesman said that the company brytc disclose ststOnf xdmAthA natural tomorrow, Friday, But the final decision would not take before Friday morning. 
closing Port in a symbolic oil AlAlskA for security reasons. 
Washington 2 - 1 (AFP) - American last Tuesday to xfr on closing the great oil fAldyz Port, South coast AlAlskA for security reasons in the framework of security measures and mEzzp xfr source announced yesterday on Thursday. 
The spokesman for the xfr on jyf Carter told Agence France Presse: "We OmrnA fAldyz Port to stop mwqtA resumed its activities and for security reasons. 
He added that this comes within the framework of the level of AlInVAr AlbrtqAly 
He emphasized that the information that conferences in succession in the oil through which ySb Onbwb AlAlskA closed on Tuesday evening that he was still a closed yesterday, Thursday. 
He explained that the activities in succession to immediately resume talks will soon he added. 
wynql which amounts to most Twlh 1280 km in the 17th of oil consumption in the United States of mine fields in the oil brwdwy any 
It is noted that fAldyz Port is one of the most important AlmrAfYC oil in the United States. 
The American authorities announced that these AlmrAfYC may be a llIrhAbyyn The in 21 December addendum dated December AlInVAr level to terrorist brtqAly will "aims the highest level of danger because lwqwE progressive during the period OEyAd AlmylAd wrOs year. 
Iranian radio to lift 11 persons have been in the suburbs of with 
with Iran (from 1 - 1 (AFP) - The Iranian radio public today, Thursday, that 11 people were killed on Wednesday been AntclwA suburbs of five days after Almdmr AlzlzAl on which the strike against with the (southeast 
The rescue teams have lost hope of all over the notion bAlEvwr 
Iranian media said today that five people in the suburbs AntclwA 
But it did not hide on the AlmsEfwn AlOjAnb mrArthm towards Ejzhm help in this context, he added. 
Yesterday, llmsAEdAt foreign organizations. emergency to leave the location. 
The lift two thousand people among the notion of whom only been in the first few llzlzAl who strike against the Friday with 
The in return, dfn of 30 thousand so far. 
He said that the Iranian President Mohamed Khatami AlzlzAl may cause in the killing of 40 thousand people. 
The also to speak about 50 thousand and one 
In the middle of this was the first AlmHnp AlArbEACEqd qrAn in with for a disaster. on the radio reported 
The this day AlzwAj scheduled in the AlzlzAl 
advisor issue, Mubarak mHAdvAth with Arafat. 
Ramallah (West Bank) 1 - 1 (AFP) - An Agence France Presse correspondent reported that the Egyptian political Chancellor to Osama El Baz said arrived today, Thursday, in Ramallah where mHAdvAth started with the head of the Palestinian Authority Yasir Arafat. 
The talks Financial by security authority Jibril Alrjwb associations, Minister Saeb Arekat and negotiations of the ruling blEAwy 
The El Baz said refused to make any statements after his arrival in the county 
The ten days after the visit of the visit paid by Egyptian Foreign Minister, Ahmed Maher to Israel. 
The called, El Baz said during a visit to Ramallah and addendum in August last August the idea of a new truce between the Palestinians and Israel. However, mHAdtAt between the Palestinian factions under the auspices of Egyptian on this matter did not result resulting from the 
It is expected that the Egyptian efforts, ttwASl mntZrp next week with a visit by the Head of the general intelligence services in Egypt Major General Omar Suleiman, to Ramallah on the sixth of this month. 
The Maher announced in 22 last month after meeting with the ministers of Israel. Prime Minister Ariel Sharon said that the latter mltzm tjnb any action that can yqwD efforts to reach a truce possible attacks against Israel. 
It was Maher after ended, during his visit to the Al-Aqsa Mosque, whilst bOHrAj which caused by the Palestinian Authority to submit a to insisted on the most important HlfAQhA in the region. 
Moroccan monarch hopes to which the peace in 2004. 
Rabat 1 - 1 (AFP) - the Moroccan monarch King Mohamed VI AlOml that of the year 2004. which with peace in a letter sent to the new thAn bAlEAm wAlHkwmAt heads of states in the world. 
He said the Moroccan monarch in its official news agency reported on which the Moroccan Mml adding that the year 2004. yqtrn bAntSAr peace in all the areas of conflicts and continues AlcAQkp 
