time demonstrate opening from mslHwn in Rafah at the first Lebanon, northern Palestinian 
) Lebanon, (the AlbdAwy (the 1 - 1 F. demonstrated - aged estimated thousand three from over AlbdAwy Camp at Palestinian north at the Palestinians refugee exact Lebanon, lAnTlAqp 39 the anniversary mslHwn including opening the these at the first for since Lebanon, from the area twenty from over it. years 
the correspondent The HmlwA demonstrators being Presse: Press news agency reported OElAmA wlbnAnyp Palestinian (Palestinian President photos wswryp it. Arafat Yasser 
wyqE tsyTr the at the camp it. the Syrian the to 
AlmslHyn of and associations at The ktAQb from they opening secretary-general of Al-Aqsa of of bearing Bank West at the Secretary Amin AlmEtql it. Albrgwvy Marwan detainees in Israeli prisons, 
requesting that opening the groups that one of He said identity, not named, about ZhwrnA from the being up AltVkyr is bAlslAH ttxl did not opening that struggle is about never it. up of 
Announced being up He added and with opening inside A the other the Palestinian the factions every lIfcAl liberate the Israeli the occupation mostly Projects President, led by Palestine it. up Arafat 
take Nabil The Front at The official front of a Palestine Liberation of the popular AlHcd emphasizing opening the the headquarters lost to AlmtjmE need on dialogue establishment of up has an internal Palestinian Factions various between the joint AlqwAsm it. up 
pointed off on tlgY disclose brytc security aspects for Washington 
FBI (from 1 - 1 London estimated at announced - aged Airlines company, name spokesman brytc (the British the air Press told aged disclose Algt the company being Presse: trips. one of Thursday, today, the three and Washington London between the the daily security aspects for it. British the government from showing 
223 flight being He said carrying on was which Olgyt 24-passenger 180 security aspects for up this the government from showing it. up in 
it. flight of of Transport and the Ministry The 
spokesman He said brytc up being the name decision recently made disclose Thursday. (the today, flight suspension expressed a following aged up the government from in this improvement in 
decision being The spokesman He explained flight of or three about before up an hours four Airport from the departure from up hvyrw 05,15 at at Allndny Airport pointed heading GMT, it. Washington at dlAs 
being following flight these of The passengers on llAstjwAb on Wednesday yesterday, same flight authorities. before from Airport at the Security responsible for The American it. dlAs 
up being pointed British The spokesman He authorities. OSrt the Security responsible for The American passengers all guide on up being adding up Alnzwl pointed remain passengers llAstjwAb public the plane from authorities. before from it. up The American 
brytc name The spokesman He explained the being disclose ststOnf the But Friday, tomorrow natural xdmAthA will not the it. Friday, Sabah before take 
AlAlskA at a symbolic oil port of closure of security reasons. for 
FBI (from 1 - 2 Washington post estimated xfr is - closing last Tuesday, the American on fAldyz port of for South coast on great oil AlAlskA procedures framework of at recommended by security reasons for security A source The as and mEzzp xfr at it. Thursday, yesterday, on 
xfr name The spokesman He said jyf on OmrnA up Presse: Press told Carter fAldyz port of mwqtA resumed its activities end it. up security reasons for 
matter this up being He added framework of at comes AlInVAr level of it. up AlbrtqAly 
he which conferences the information He emphasized succession being in which Onbwb in which ySb which AlAlskA by of was and that Tuesday, the evening closed is does it. Thursday, yesterday, a closed 
succession at activities being The spokesman He explained immediately resume talks will it. up soon up 
Twlh amounts to which most recent wynql 1280 included in 17 kilometers the at oil consumption from mine fields from the United it. any brwdwy at of 
port of being pointed On fAldyz AlmrAfYC most important one of is the at oil it. the United 
announced America the authorities The AlmrAfYC these being llIrhAbyyn a be could December. 21 at its balance addendum first AlInVAr level of December 15 brtqAly will remain pointed the terrorist level of the highest up is condition, due up progressive OEyAd a period during the lwqwE AlmylAd it. the year wrOs 
lift pointed reports the Iranian radio broadcast notion people the 11 with at been from 
) Iran (the with (the 1 - 1 respectively. estimated F. reported - Thursday, today, the public Iranian Radio AntclwA people the 11 being been put between the from suburbs days five following on Wednesday AlzlzAl on strike against which Almdmr Moslems and east south of (the with it. 
teams The bAlEvwr hope every lost to it. notion on 
They stated on Wednesday the Iranian of the means of AntclwA people, five being it. suburbs 
AlmsEfwn hide did not the on But AlOjAnb aid at mrArthm Ejzhm towards improvement in context, this at 
llmsAEdAt foreign of Yesterday, it. to to leave emergency 
lift was The notion people two thousand been between the from days, at whom only llzlzAl the first it. Friday, with the strike against which 
On at car and dfn and would now even body thousand (30 
President, He said AlzlzAl being Khatami, Mohammad the Iranian be could killing at cause it. people thousand 40 
thousand 50 about also to speak car and it. one 
AlArbEACEqd was AlmHnp these amid In qrAn first in since the with at reported what on disaster, it. the public radio reported 
AlzwAj this The it. AlzlzAl in of scheduled 
Arafat, with mHAdvAth should Mubarak, advisor 
(the and Ramallah respectively. Bank West written 1 - 1 respectively. estimated F. correspondent to a - Financial being Presse: Press news agency reported President political El Baz said Osama Egyptian Ramallah. pointed Thursday, today, arrived further where the God in as head of with mHAdvAth it. Arafat Yasser the Palestinian 
Financial talks at The Jibril mark the by the security affairs, for and Minister Alrjwb Minister Ariqat Saib the negotiations it. blEAwy sentenced of Interior 
El Baz said The statements any refused to make it. county pointed his arrival after 
days ten following his visit It comes visit from Foreign Affairs Minister of by by Maher Ahmad Egyptian it. Israel, pointed 
opened El Baz said The Ramallah. pointed a during August at and Israel. God the idea of last August addendum Palestinians. between the a new truce mHAdtAt But and Israel. Egyptian Under the sponsorship the Palestinian the factions between matter this on it. as a result about resulting did not 
ttwASl being It is expected From will the week, the Egyptian efforts threatens mntZrp a with payment of the head of by is Egypt's at the public Ramallah. pointed Suleiman Omar General competitions. at God it. the current month, to from 
month 22 at The Maher The after last Sharon's Ariel Israel, ministers of head of meeting latter was being government a from historical any tjnb mltzm yqwD being truce pointed at the efforts of at possible it. Israel, against 
days after ended, Maher on The Mosque, whilst his visit during bOHrAj cause which matter Al-Aqsa which the Palestinian mark the insisted to to HlfAQhA most important and to Egypt, it. the area at 
hopes Moroccan further up of peace a "symbolic up estimated 2004. in 
FBI (from 1 - 1 Rabat estimated at King expressed his - aged competitions. Mohammad King Moroccan AlOml about up with him the 2004. General is that of peace which thAn a letter at undertaken up bAlEAm by sent the new countries, of pointed and a the world at wAlHkwmAt 
King He said reported on which its letter at Moroccan Moroccan Airlines Agency news agency reported Mml up the official bAntSAr 2004. in yqtrn being all at peace conflicts from continues which the it. up AlcAQkp 
