mslHwn demonstrate Fatah from the first time the Palestinian, Camp in the north of Lebanon. 
AlbdAwy (Lebanon) 1 - 1 (AFP) - The than demonstrated over three thousand refugees AlbdAwy Albus Camp in northern Lebanon, on 15th anniversary 39 lAnTlAqp Fatah Movement mslHwn including the first time in this area from Lebanon since more than twenty years. 
Agence France Presse correspondent reported that the demonstrators HmlwA OElAmA wswryp wlbnAnyp Palestinian photos of Palestinian President Yasser Arafat. 
wyqE tsyTr area in this camp Ghada Syrian forces. 
The demonstration in tens AlmslHyn ktAQb from the Commissioner of Al-Aqsa trader tea, Fatah Movement Secretary Ameen Tyre bearing in West Bank AlmEtql Albrgwvy Marwan detainees in Israeli prisons, ... 
He groups of Fatah Movement requesting that identity, not named, about "The purpose of ZhwrnA bAlslAH AltVkyr is Fatah that never did ttxl abandoned armed struggle choice them." 
He stressed that "the Announced Union." Fatah inside each other Palestinian factions lIfcAl A Projects Israeli occupation forces led the President Arafat to liberate Palestine. "It 
The official take Nabil Centre in the Popular Front for Liberation of Palestine, foreigners. AlHcd AlmtjmE speech before the headquarters of Fatah Movement stressing the necessity of "a joint AlqwAsm cosmetics an Palestinian dialogue between various terrorist groups. 
brytc tlgY disclose flight of Washington called for security reasons. 
London 1 - 1 (AFP) - A company spokesman British Airways brytc (the Parliament). disclose told France Presse that the company Algt wages today, Thursday, three trips. daily between London and Washington for security reasons. showing the British government from it." 
He said that 223 flight which was carrying over 180 Olgyt 24-passenger security reasons "The showing a government warned "We in this respect. 
Transport Ministry affirmed the flight attended. 
A ministry spokesman said that "the brytc has made disclose suspension decision flight." (as today, Thursday, to - "Deputies after the government and from in this respect. 
The spokesman explained that the cancellation of the decision flight." before an around three or four hours from the plane's departure from hvyrw Airport Allndny game. at 05,15 GMT, dlAs Airport heading to Washington in it. 
According to the cancellation of this flight after "Copts that passengers yesterday at the same flight llAstjwAb Wednesday before his from the American authorities in which the security committee dlAs Airport Road 
British spokesman He indicated that the American authorities to control the security committee OSrt guide passengers all adding that "the passengers "will remain Alnzwl to plane from the public llAstjwAb earlier. from the American authorities 
He brytc spokesman, disclose ststOnf company that natural xdmAthA tomorrow, Friday, did, but not before their final Union, Friday morning. 
closing large symbolic oil Port in AlAlskA for security reasons. 
Washington 2 - 1 (AFP) - The xfr ordered the American on closing last Tuesday, port fAldyz great oil coast on Hubaiqa's AlAlskA for security reasons in the framework of security measures mEzzp short, and xfr in its source announced yesterday on Thursday. 
Speaking on jyf Carter xfr spokesman told Agence France Presse: "We OmrnA fAldyz Port stop mwqtA resumed its activities "to for security reasons. 
He added that this comes within the framework of AlInVAr level AlbrtqAly people." 
He offers journalism information which included: succession that regulate ySb Onbwb truth, oil via AlAlskA on Tuesday evening closed envoys and still yesterday, Thursday, a closed it. 
The spokesman explained that was in succession activities will immediately resume talks " " soon. 
wynql 15% most lira; Twlh 1280 percent, 17 kilometers from the United States in its oil consumption of oil mine fields brwdwy at any attended. 
It is noted that fAldyz port is one AlmrAfYC important oil in the United States. 
The American authorities announced that these AlmrAfYC gambling may llIrhAbyyn goals. The 21 December in December 27/03/1991 AlInVAr level terrorist brtqAly will reach newspaper is the highest level of "the danger because progressive lwqwE during the period OEyAd AlmylAd wrOs year. 
Iranian radio indicates lift 11 people suburbs been from compared with 
(as with Iran - 1 - 1 (AFP) - Public Iranian radio reported today, Thursday, that 11 people AntclwA and from suburbs been between Wednesday five days after beating AlzlzAl Almdmr strike against 15% with southeast (the Parliament). 
The rescue teams lost all bAlEvwr challenge, suburbs on time. 
They Iranian media on Wednesday that five persons AntclwA notion attended. 
But the earth on not hide AlmsEfwn AlOjAnb mrArthm Ejzhm vis-à-vis the assistance in this context, attended. 
Since llmsAEdAt "foreign Organizations emergency to leave the location. 
The notion people than 2,000 lift has been among whom only in its first few llzlzAl strike against whose area Friday with 
In contrast, University." dfn body 30 thousand till now 
Iranian President Muhammad Khatami said, AlzlzAl that might be in which caused Least 40 thousand people. 
They also University." to speak about one thousand 50,000 ... 
In the central AlmHnp these AlArbEACEqd reached qrAn last, compared with what was agreed that since the disaster. public radio reported 
The AlzwAj this scheduled in AlzlzAl Day (...) 
Mubarak's advisor mHAdvAth begins with Arafat. 
Ramallah (West Bank) 1 - 1 (AFP) - An Agence France Presse correspondent reported that the political Chancellor Osama El Baz said the Egyptian President, arrived today, Thursday, to Ramallah where mHAdvAth started with the Palestinian Authority President Yasser Arafat. 
Participating in Saturday's Chancellor talks security authority by Alrjwb Jibril Minister negotiations associations, Saib Ariqat Interior Minister blEAwy virtually ... 
El Baz said rejection to the statements of any boycott, arrival after it." 
10 days after his visit comes from the visit paid by the Egyptian Foreign Minister Ahmed Maher to Israel. 
The called, El Baz said during a visit to Israel and Ramallah in August last August 27/03/1991 idea new truce between the Palestinians and Israel. But mHAdtAt Under the Palestinian factions between Egyptian on this matter was not the outcome resulting from it." 
It is expected that ttwASl Egyptian efforts, next week with a mntZrp visit assisted by the Public Intelligence System in Egypt. Chairman Major General Omar Suleiman, the Ramallah to and from the sixth in the current month. 
Maher had announced on 22nd in the last month, following the meeting of ministers Prime Minister Ariel Sharon Israel. However, tjnb mltzm pipeline extending from a historical harming yqwD that efforts to reach a possible truce in attacks against Israel. 
The "Copts Maher after ended, hitting Al-Aqsa Mosque, whilst visit dossier, which cause bOHrAj hosted the Palestinian Authority to insisted HlfAQhA important but to to it in the region. 
Moroccan monarch shock" a "symbolic " " hopes for peace in 2004. 
Rabat 1 - 1 (AFP) - "told - the Moroccan monarch King Mohamed VI AlOml from that of 2004 carries a "symbolic adjust insulation peace in the new bAlEAm thAn message sent by the EU to wAlHkwmAt states in the world. 
A Moroccan monarch in which offers its news agency reported on official Moroccan Mml adding that yqtrn bAntSAr in 2004. peace in all areas. continues which AlcAQkp conflicts from it." 
