shard_size = 0 shard_count = 0
Seeding random numbers with 5000
name: case value: true
Data::m_score_type BLEU
Data::Scorer type from Scorer: BLEU
Loading Data from: run1.scores.dat and run1.features.dat
loading feature data from run1.features.dat
loading score data from run1.scores.dat
Loading Data from: run2.scores.dat and run2.features.dat
loading feature data from run2.features.dat
loading score data from run2.scores.dat
Loading Data from: run3.scores.dat and run3.features.dat
loading feature data from run3.features.dat
loading score data from run3.scores.dat
Loading Data from: run4.scores.dat and run4.features.dat
loading feature data from run4.features.dat
loading score data from run4.scores.dat
Loading Data from: run5.scores.dat and run5.features.dat
loading feature data from run5.features.dat
loading score data from run5.scores.dat
Data loaded : [Wall 0.404455 CPU 0.403205] seconds.
Creating a pool of 1 threads
Best point: 0.068789 0.0700094 0.0834706 0.0262829 0.245262 0.0712521 0.0495433 0.0815159 0.0765633 0.00493332 0.0982425 0.0144591 -0.0376017 0.0720751  => 0.16593
Stopping... : [Wall 22.7725 CPU 22.6119] seconds.
