mslHwn demonstrate the opening of the first time in the north of Palestinian Lebanon 
AlbdAwy (Lebanon) 1 - 1 demonstrated (AFP) - more than three thousand AlbdAwy in the Palestinian refugees in the north of Lebanon on the anniversary of the exact lAnTlAqp 39 Fatah movement mslHwn including the first time in this part of Lebanon since more than twenty years. 
The France Press correspondent that the demonstrators HmlwA OElAmA wlbnAnyp Palestinian wswryp photos of the Palestinian President Yasser Arafat. 
wyqE camp in the area to the Syrian forces tsyTr 
The demonstration AlmslHyn tens of ktAQb of Al-Aqsa secretary-general of the Fatah bearing they Secretary of the movement in the West Bank AlmEtql detainees in Israeli prisons, Albrgwvy Marwan the 
He said groups that one of the Fatah movement requesting that his name not to reveal that the aim of the ZhwrnA bAlslAH AltVkyr is Fatah that did not ttxl never branch of the choice of the 
He added that the Announced inside Fatah and all other Palestinian factions lIfcAl A projects the Israeli occupation forces liberate Palestine led by President Arafat." 
The take Nabil official in a speech before the Popular Front for the Liberation of Palestine AlHcd AlmtjmE before the headquarters of the Fatah movement stressing the necessity of the establishment of a joint AlqwAsm has an Palestinian factions between various the 
brytc tlgY disclose to Washington for security reasons. 
London 1 - 1 - (AFP) A spokesman for the British Airways and brytc disclose told Agence France Presse that the company Algt today, Thursday, one of the three trips. daily between London and Washington for security of the British government 
He said that 223 flight which was carrying 180 Olgyt 24-passenger "the for security of the government in this respect. 
The Ministry of Transport and the cancellation of the flight." 
A spokesman for the ministry brytc that disclose has made the decision to suspend the flight and today Thursday after an opinion of the government in this respect. 
The spokesman explained that the decision of an flight before about three or four hours of the plane's departure from hvyrw Allndny at 05,15 GMT, Airport heading to dlAs in the Washington 
According to the cancellation of this trip that after the passengers on the same flight yesterday Wednesday llAstjwAb from before the American authorities responsible for security in the Airport dlAs 
The spokesman, British authorities to the American security committee OSrt guide on all passengers adding that "the passengers to remain Alnzwl plane from public llAstjwAb from before the American authorities 
spokesman explained that the company brytc disclose ststOnf xdmAthA natural tomorrow, Friday, But the final decision would not take before the Friday morning 
closing symbolic oil in the port of a large AlAlskA for security reasons. 
Washington 2 - 1 (AFP) - American xfr is on the last Tuesday, closing fAldyz the port of oil great coast on South AlAlskA for security reasons in the framework of security measures mEzzp as source announced yesterday xfr in on Thursday. 
The spokesman for the xfr jyf on Carter told Agence France Presse: "We OmrnA fAldyz the port of end mwqtA resumed its activities and for security reasons. 
He added that this matter comes within the framework of the level of AlInVAr AlbrtqAly 
He emphasized that the information conferences in succession that ySb who Onbwb in oil AlAlskA through closed on Tuesday evening that he was still a closed yesterday, Thursday. 
The spokesman explained that activity in succession immediately resume talks will the poetic 
wynql which amounts to most Twlh 1280 km 17 percent, consumption of oil in the United States mine fields of oil brwdwy in the any 
It is noted that fAldyz Port is one of the most important AlmrAfYC oil in the United States. 
The American authorities announced AlmrAfYC that this may llIrhAbyyn a its in 21 December December addendum AlInVAr level of the terrorist brtqAly will to is the highest level because "the danger lwqwE progressive attacks OEyAd during the period AlmylAd wrOs year. 
Iranian radio to lift 11 people been with in the suburbs of 
with Iran (from 1 - 1 (AFP) - The Iranian radio public today, Thursday, that 11 people AntclwA suburbs of been between Wednesday five days after Almdmr AlzlzAl on which the strike against (southeast with the 
The rescue teams lost hope of all bAlEvwr suburbs on the 
They Iranian media Wednesday AntclwA the notion that five people 
But on the AlmsEfwn not hide AlOjAnb mrArthm Ejzhm towards in assistance in this context, the 
Yesterday, Organizations llmsAEdAt foreign emergency to leave the location. 
The lift suburbs been between the two thousand people of whom only in the first few llzlzAl which the strike against the Friday with the 
was in return, body dfn 30 thousand so far. 
He said the Iranian President Muhammad Khatami, AlzlzAl that may cause in the killing of 40 thousand people. 
was also to speak about 50 thousand and one 
In the center of AlmHnp this AlArbEACEqd was the first since qrAn in with a disaster. radio reported on what the 
The AlzwAj this scheduled in the day AlzlzAl 
advisor Mubarak mHAdvAth begins with Arafat 
Ramallah (West Bank) 1 - 1 (AFP) - An Agence France Presse correspondent reported that the Egyptian political Chancellor President Osama El Baz said arrived today, Thursday, to Ramallah where mHAdvAth started with the President of the Palestinian Authority Yasir Arafat. 
The security talks Chancellor by the Alrjwb Jibril Minister associations, negotiations Saeb Arekat and the ruling of the Interior blEAwy 
The El Baz said refused to make any statements after his arrival in the county 
The 10 days after his visit to visit from Egyptian Foreign Minister, Ahmed Maher to Israel. 
The opened El Baz said during a visit to Ramallah and Israel to 27/03/1991 in August last August the idea of new truce between the Palestinians and Israel. mHAdtAt But between the Palestinian factions under the auspices of Egyptian on this matter did not resulting from the as a result of 
It is expected that the Egyptian ttwASl efforts, next week with mntZrp visit by the Head of the Public in Egypt Major General Omar Suleiman, to Ramallah in the sixth of this month. 
The Maher in 22 announced last month after meeting with the Ministers of Israel and the latter that Ariel Sharon mltzm tjnb any work can yqwD that efforts to reach a possible truce in attacks against Israel. 
The that Maher during his visit to the Al-Aqsa Mosque, whilst after ended, which cause bOHrAj the Palestinian Authority to insisted that to the most important to HlfAQhA in the region. 
Moroccan monarch which hopes to peace in 2004. 
Rabat 1 - 1 (AFP) - the Moroccan monarch King Mohamed VI AlOml about that carries the year 2004. which with peace in the new bAlEAm thAn a letter sent to the heads of wAlHkwmAt countries in the world. 
He said the Moroccan monarch in its official news agency reported on which the Moroccan Mml yqtrn that in 2004. bAntSAr peace in the areas of all continues AlcAQkp conflicts and 
