shard_size = 0 shard_count = 0
Seeding random numbers with 7000
name: case value: true
Data::m_score_type BLEU
Data::Scorer type from Scorer: BLEU
Loading Data from: run1.scores.dat and run1.features.dat
loading feature data from run1.features.dat
loading score data from run1.scores.dat
Loading Data from: run2.scores.dat and run2.features.dat
loading feature data from run2.features.dat
loading score data from run2.scores.dat
Loading Data from: run3.scores.dat and run3.features.dat
loading feature data from run3.features.dat
loading score data from run3.scores.dat
Loading Data from: run4.scores.dat and run4.features.dat
loading feature data from run4.features.dat
loading score data from run4.scores.dat
Loading Data from: run5.scores.dat and run5.features.dat
loading feature data from run5.features.dat
loading score data from run5.scores.dat
Loading Data from: run6.scores.dat and run6.features.dat
loading feature data from run6.features.dat
loading score data from run6.scores.dat
Loading Data from: run7.scores.dat and run7.features.dat
loading feature data from run7.features.dat
loading score data from run7.scores.dat
Data loaded : [Wall 0.495796 CPU 0.494883] seconds.
Creating a pool of 1 threads
Best point: 0.0398577 0.058509 0.0685108 0.014603 0.057108 0.0303195 0.0698851 0.056143 -0.170586 0.0145401 0.106585 0.201773 0.0280625 0.0835173  => 0.162091
Stopping... : [Wall 26.9324 CPU 26.9096] seconds.
