mslHwn from the opening of the first time in Palestinian demonstrate in Lebanon. 
AlbdAwy (Lebanon) 1 - 1 (AFP) - Palestinian demonstrated more than three thousand in the north of AlbdAwy for Palestinian refugees in Lebanon on the anniversary of the Fatah movement mslHwn 39 lAnTlAqp including the first time in this area from Lebanon since more than twenty years. 
Agence France Presse correspondent reported that the demonstrators HmlwA OElAmA wlbnAnyp wswryp of Palestinian President Yasser Arafat. 
wyqE camp in the area to the Syrian forces tsyTr 
The demonstration AlmslHyn tens of ktAQb of Al-Aqsa secretary-general of the opening of the they bearing Secretary of the movement in the West Bank AlmEtql detainees in Israeli prisons, Albrgwvy Marwan the 
He said members of the Fatah movement requesting that his name not to reveal that the aim of the ZhwrnA bAlslAH AltVkyr Fatah that is not ttxl never branch of the choice of the 
He added that the Announced inside Fatah and all other Palestinian factions lIfcAl A projects of the Israeli occupation forces liberate Palestine led by President Arafat." 
The official Nabil to take place in the Popular Front for the Liberation of Palestine to AlHcd AlmtjmE speech before the headquarters of the Fatah movement stressing the necessity of the establishment of a joint Palestinian has an AlqwAsm between the various groups. 
brytc tlgY disclose to Washington for security reasons. 
London 1 - 1 (AFP) - A spokesman for the British Airways brytc disclose - told Agence France Presse that the company Algt today, Thursday, one of the three trips. daily between London and Washington for showing the security of the British government 
He said that the flight 223 which was carrying 180 Olgyt 24-passenger for showing the security of the government in this respect. 
The Ministry of Transport and the cancellation of the flight." 
He said the ministry spokesman said that brytc disclose has made the decision to suspend the flight and today Thursday after an opinion of the government in this respect. 
The spokesman explained that the decision of an flight before about three or four hours of the plane's departure from hvyrw Allndny at 05,15 GMT, Airport heading to the dlAs in Washington 
According to this after the trip that was the same passenger plane flight yesterday Wednesday llAstjwAb of the American authorities responsible for security in the Airport dlAs 
The British He pointed out that the American security authorities for OSrt guide on all passengers adding that "the passengers to remain Alnzwl from the public llAstjwAb of the American authorities 
The spokesman for the brytc disclose ststOnf natural that the company xdmAthA tomorrow, Friday, But the final decision will not take before Friday morning 
the symbolic oil in the port of a large AlAlskA for security reasons. 
Washington 2 - 1 (AFP) - American xfr is on the last Tuesday fAldyz closing the port of oil on the coast great South AlAlskA for security reasons in the framework of security measures and as mEzzp source announced yesterday in xfr on Thursday. 
The spokesman for the xfr on jyf Carter told Agence France Presse: "We OmrnA fAldyz Port to stop the mwqtA resumed its activities for security reasons. 
He added that this comes within the framework of the level of AlInVAr AlbrtqAly 
He emphasized that the information that conferences in succession in which ySb Onbwb oil through AlAlskA closed on Tuesday evening that he was still a closed yesterday, Thursday. 
The spokesman explained that the activities will soon to immediately resume talks in succession to the 
wynql which amounts to most Twlh 1280 km in 17 of oil consumption in the United States of mine fields in the oil brwdwy any 
It is noted that the port of fAldyz AlmrAfYC oil is one of the most important in the United States. 
The American authorities announced that these AlmrAfYC might be in a llIrhAbyyn The 21 December December AlInVAr to 27/03/1991 level of the terrorist brtqAly will "aims because the highest level of the danger lwqwE the progressive during the period OEyAd AlmylAd wrOs year. 
Iranian radio to lift 11 people were killed in the suburbs of been with 
Iran with (from 1 - 1 (AFP) - The Iranian radio public today, Thursday, that 11 people AntclwA notion of been Wednesday between five days after AlzlzAl Almdmr on which the strike against with (southeast part of the 
The rescue teams lost hope in the suburbs of all bAlEvwr 
They Iranian media on Wednesday that five people in the suburbs AntclwA 
But the did not hide the AlmsEfwn AlOjAnb mrArthm towards Ejzhm help in this context, the 
Yesterday, foreign organizations. llmsAEdAt emergency to leave the location. 
The lift suburbs between the two thousand people from been whom only in the first few llzlzAl strike against with which the Friday 
The in return, dfn of 30 thousand so far. 
He said that the Iranian President Mohamed Khatami AlzlzAl may cause in the killing of 40 thousand people. 
was also to speak about 50 thousand and one 
In this was the first amid AlmHnp AlArbEACEqd qrAn in for a disaster. with the public radio reported 
The this AlzwAj scheduled in the day AlzlzAl 
Mubarak mHAdvAth advisor begins with Arafat. 
Ramallah (West Bank) 1 - 1 (AFP) - An Agence France Presse correspondent reported that the Egyptian political Chancellor to Osama El Baz said arrived today, Thursday, to Ramallah where mHAdvAth started with the President of the Palestinian Authority Yasir Arafat. 
The security talks Chancellor by the Minister for Alrjwb Jibril on the negotiations Saeb Arekat and the ruling of the Interior blEAwy 
The El Baz said refused to make any statements after the arrival of 
The visit ten days after the visit paid by Egyptian Foreign Minister Ahmed Maher to Israel. 
The El Baz said during a visit was to Ramallah and addendum in August last August the idea of a new truce between the Palestinians and Israel. But mHAdtAt between the Palestinian factions under the auspices of Egyptian on this matter did not as a result of the resulting from the 
It is expected that the Egyptian ttwASl efforts, next week with mntZrp visit by the Head of the general intelligence services in Egypt Major General Omar Suleiman, to Ramallah in the sixth of this month. 
The Maher in 22 announced last month after meeting with the ministers of Israel and the Prime Minister Ariel Sharon that the latter mltzm tjnb any work can yqwD truce that efforts to reach a possible attacks against Israel. 
The after that Maher ended, during his visit to the Al-Aqsa Mosque, whilst which cause bOHrAj the Palestinian Authority to insisted that to the most important to HlfAQhA in the region. 
Moroccan monarch which hopes to peace in 2004. 
Rabat 1 - 1 (AFP) - the Moroccan monarch King Mohamed VI AlOml that of the year 2004. which with peace in the new thAn bAlEAm sent a message to the heads of wAlHkwmAt countries in the world. 
He said that the Moroccan monarch in its reported on official news agency reported that the Moroccan Mml yqtrn in 2004. bAntSAr peace in all the areas of the conflicts continues AlcAQkp 
