mslHwn of Fatah demonstrate for the first time in Camp north of Lebanon Palestinian 
AlbdAwy (Lebanon) 1 - 1 (AFP) - demonstrated more than three thousand Palestinians form the Albus Camp AlbdAwy for Palestinian refugees in the north of Lebanon and journalism. 39 lAnTlAqp on the anniversary of the Fatah movement including mslHwn for the first time in this part of Lebanon since more than twenty years. 
Agence France Presse correspondent reported that the demonstrators HmlwA Palestinian OElAmA wlbnAnyp wswryp photos of the Palestinian President, Yasser Arafat. 
wyqE the camp in the Syrian forces tsyTr detained. 
Participating in Saturday's demonstration of tens of AlmslHyn ktAQb of Al-Aqsa Commissioner of the Fateh Tyre Amin Secretary they bearing the movement in the West Bank AlmEtql detainees in Israeli prisons, the Marwan Albrgwvy 
One of the Fatah movement requesting that groups not official, who refused to reveal his name, "The purpose of ZhwrnA bAlslAH AltVkyr Fatah that is not ttxl never "armed about the choice of the armed 
He added that the Announced inside Fatah With all other Palestinian Factions A lIfcAl projects Israeli occupation forces liberate Palestine led by President Arafat." 
The official Nabil to take place in a speech before the Popular Front for the Liberation of Palestine AlHcd AlmtjmE before the headquarters of the Fatah movement stressing the necessity of the establishment of an cosmetics joint AlqwAsm Palestinian dialogue between the different factions 
brytc disclose tlgY its flight to Washington for security reasons. 
London 1 - 1 (AFP) - A company spokesman British Airways and brytc disclose told Agence France Presse that the company Algt today, Thursday, one of three trips. daily between London and Washington for security reasons. showing of the British government 
He said that flight 223 which was carrying 180 24-passenger Olgyt "the for security reasons. showing from the government sources on this matter." 
Transport Ministry confirmed the cancellation of the flight." 
A spokesman for the ministry that "the brytc disclose has made the decision to suspend the flight today Thursday old) after thinks of government in this respect. 
The spokesman explained that the cancellation of an decision flight before about three or four hours of the plane's departure from hvyrw Allndny Airport at 05,15 GMT, Airport heading to the dlAs in Washington 
Part of rescission of this flight after that "Copts passenger plane flight itself yesterday Wednesday llAstjwAb from before American authorities responsible for security in the Airport dlAs 
The spokesman, British to that "the American authorities responsible for security OSrt guide of all passengers on "the adding that "the passengers to remain Alnzwl from the plane of public llAstjwAb before the American authorities 
brytc disclose spokesman explained that the company ststOnf natural xdmAthA tomorrow Friday, But the final decision would not take before the Friday morning 
closing the port of a large symbolic oil in AlAlskA for security reasons. 
Washington 2 - 1 (AFP) - to xfr on the American last Tuesday closing the port of fAldyz great oil the east coast South for the AlAlskA for security reasons. in the framework of security measures as mEzzp source announced yesterday in xfr on Thursday. 
The spokesman for the xfr on jyf Carter told Agence France Presse: "We OmrnA Port fAldyz resumed its activities to stop the mwqtA for security reasons. 
He added that this matter comes within the framework of the level of AlInVAr AlbrtqAly 
He emphasized that information which included: conferences in succession in oil through which ySb Onbwb AlAlskA on Tuesday evening was closed and is still a closed yesterday Thursday. 
The spokesman explained that activity in succession and will immediately resume talks the poetic 
most wynql which amounts to Twlh 1280 km 17 percent, of oil consumption in the United States of mine fields in the oil brwdwy any 
It should be noted that the port of fAldyz is one of the most important AlmrAfYC oil in the United States. 
The American authorities announced that these AlmrAfYC may goals. The llIrhAbyyn in 21 December 27/03/1991 level terrorist AlInVAr December to will brtqAly "aims the highest level danger because progressive lwqwE attacks during the period OEyAd AlmylAd wrOs year. 
Iranian radio indicates lift 11 persons have been notion of in with 
with (first Iran 1 - 1 (AFP) - The Iranian radio public today, Thursday, that 11 people AntclwA notion of been Wednesday between five days after AlzlzAl Almdmr on which the strike against with (southeast Bank). 
The rescue teams lost all hope bAlEvwr on the notion 
They Iranian media Wednesday that five people AntclwA the notion 
But on the ground," not hide AlmsEfwn AlOjAnb mrArthm towards Ejzhm in assistance in this context, the 
Since foreign organizations. emergency llmsAEdAt to leave the location. 
The lift two thousand people between been notion of whom only in the first days llzlzAl which the strike against the with Friday. 
was in return, dfn 30 thousand body so far. 
He said the Iranian President Muhammad Khatami, that AlzlzAl may be cause in At Least 40 thousand people. 
was also 50 thousand one to speak about the 
In amid this AlmHnp was AlArbEACEqd qrAn in with the first since a disaster. on what the radio reported 
The this AlzwAj scheduled day in the AlzlzAl 
Mubarak begins with Arafat, mHAdvAth advisor 
Ramallah (West Bank) 1 - 1 (AFP) - An Agence France Presse correspondent reported that Chancellor political Osama El Baz said Egyptian President, arrived today, Thursday, to Ramallah where started mHAdvAth with of the Palestinian Authority Yasir Arafat. 
Participating in Saturday's talks security Chancellor by Jibril Authority Alrjwb associations, negotiations Minister Saeb Arekat and virtually the Interior blEAwy 
The El Baz said refused to make any statements after his arrival in the county 
visit comes after ten days visit Egyptian Foreign Minister, Ahmed Maher to Israel. 
The opened El Baz said during a visit to Ramallah and Israel. 27/03/1991 in August last August the idea of new truce between the Palestinians and Israel. But mHAdtAt between Palestinian Factions Under the sponsorship of the Egyptian on this matter did not resulting as a result of the 
It is expected that Egyptian efforts, ttwASl next week with mntZrp visit by the Head of the Public in Egypt Major General Omar Suleiman, to Ramallah in the sixth of this month. 
The Maher in 22 announced last month following meeting of the Israel Ministers Ariel Sharon that the latter mltzm tjnb any work of that yqwD efforts to reach a truce possible attacks against Israel. 
The Maher ended, "Copts will visit during his visit to Al-Aqsa Mosque, whilst the matter which caused tension bOHrAj the Palestinian Authority to insisted on which to to the most important HlfAQhA and in the region. 
Moroccan monarch hopes and shock" a "symbolic peace in 2004. 
Rabat 1 - 1 (AFP) - expressed the Moroccan monarch King Mohamed VI about AlOml that carries the year 2004. a "symbolic adjust peace thAn new bAlEAm in a letter sent to wAlHkwmAt heads of states in the world. 
He said the Moroccan monarch in its which news agency reported on Moroccan 7187 Mml that yqtrn in 2004. bAntSAr peace in all the areas of the conflicts AlcAQkp continues 
